Arguments: 
  /usr/local/lib/node_modules/node/lib/node_modules/node/bin/node /usr/share/yarn/bin/yarn.js install

PATH: 
  /home/salman/.virtualenvs/madina_erpnext/bin:/usr/local/sbin:/usr/local/bin:/usr/sbin:/usr/bin:/sbin:/bin:/usr/games:/usr/local/games:/usr/lib/wsl/lib:/mnt/c/Python312/Scripts/:/mnt/c/Python312/:/mnt/c/Program Files/NVIDIA GPU Computing Toolkit/CUDA/v11.8/bin:/mnt/c/Program Files/NVIDIA GPU Computing Toolkit/CUDA/v11.8/libnvvp:/mnt/c/WINDOWS/system32:/mnt/c/WINDOWS:/mnt/c/WINDOWS/System32/Wbem:/mnt/c/WINDOWS/System32/WindowsPowerShell/v1.0/:/mnt/c/WINDOWS/System32/OpenSSH/:/mnt/c/Program Files (x86)/NetSarang/Xshell 7/:/mnt/c/Program Files/Git/cmd:/mnt/c/Program Files/php-8.1.12-nts-Win32-vs16-x64:/mnt/c/Users/alfar/AppData/Roaming/nvm:/mnt/c/Program Files/nodejs:/mnt/c/Program Files (x86)/NVIDIA Corporation/PhysX/Common:/mnt/c/Program Files/NVIDIA Corporation/NVIDIA NvDLISR:/mnt/c/Program Files/NVIDIA Corporation/Nsight Compute 2022.3.0/:/mnt/c/Program Files/PostgreSQL/14/bin:/mnt/c/Program Files/nodejs/:/mnt/c/ProgramData/chocolatey/bin:/mnt/c/Users/alfar/composer:/mnt/c/Users/alfar/AppData/Local/Microsoft/WindowsApps:/mnt/c/Users/alfar/AppData/Local/GitHubDesktop/bin:/mnt/c/Users/alfar/AppData/Local/Programs/Microsoft VS Code/bin:/mnt/c/Users/alfar/AppData/Local/Programs/Python/Python310:/mnt/c/Users/alfar/AppData/Local/Programs/Python/Python310/Scripts:/mnt/c/Users/alfar/AppData/Roaming/nvm:/mnt/c/Program Files/nodejs:/mnt/c/Program Files/NVIDIA GPU Computing Toolkit/CUDA/v12.1/bin:/mnt/c/Program Files/NVIDIA GPU Computing Toolkit/CUDA/v12.1/libnvvp:/mnt/c/zlib123dllx64/dll_x64:/mnt/c/Program Files/PostgreSQL/14/bin:/mnt/c/Users/alfar/AppData/Roaming/npm:/mnt/c/Users/alfar/composer:/mnt/c/Users/alfar/AppData/Roaming/Composer/vendor/bin:/snap/bin

Yarn version: 
  1.22.19

Node version: 
  21.2.0

Platform: 
  linux x64

Trace: 
  Error: EACCES: permission denied, unlink '/home/salman/gcg/madina/frappe-bench/apps/non_profit/node_modules/.yarn-integrity'

npm manifest: 
  {
    "name": "non_profit",
    "version": "1.0.0",
    "description": "A Non profit app built on top of Frappe framework & ERPNext.",
    "main": "index.js",
    "dependencies": {
      "@ionic/vue-router": "^7.7.3",
      "argparse": "^2.0.1",
      "case-anything": "^2.1.13",
      "classnames": "^2.5.1",
      "commander": "^9.5.0",
      "core-js": "^3.36.0",
      "crelt": "^1.0.6",
      "cssesc": "^3.0.0",
      "dash-get": "^1.0.2",
      "debug": "^4.3.4",
      "deepmerge": "^4.3.1",
      "engine.io-client": "^6.5.3",
      "engine.io-parser": "^5.2.2",
      "entities": "^4.5.0",
      "escape-string-regexp": "^4.0.0",
      "fast-deep-equal": "^3.1.3",
      "feather-icons": "^4.29.1",
      "frappe-ui": "^0.1.31",
      "idb-keyval": "^6.2.1",
      "is-extendable": "^1.0.1",
      "is-plain-object": "^2.0.4",
      "isobject": "^3.0.1",
      "linkify-it": "^5.0.0",
      "linkifyjs": "^4.1.3",
      "lodash.castarray": "^4.4.0",
      "lodash.isplainobject": "^4.0.6",
      "lodash.merge": "^4.6.2",
      "make-error": "^1.3.6",
      "markdown-it": "^14.0.0",
      "mdurl": "^2.0.0",
      "mini-svg-data-uri": "^1.4.4",
      "ms": "^2.1.2",
      "object.omit": "^3.0.0",
      "object.pick": "^1.3.0",
      "orderedmap": "^2.1.1",
      "postcss-selector-parser": "^6.0.10",
      "prosemirror-changeset": "^2.2.1",
      "prosemirror-collab": "^1.3.1",
      "prosemirror-commands": "^1.5.2",
      "prosemirror-dropcursor": "^1.8.1",
      "prosemirror-gapcursor": "^1.3.2",
      "prosemirror-history": "^1.3.2",
      "prosemirror-inputrules": "^1.4.0",
      "prosemirror-keymap": "^1.2.2",
      "prosemirror-markdown": "^1.12.0",
      "prosemirror-menu": "^1.2.4",
      "prosemirror-model": "^1.19.4",
      "prosemirror-schema-basic": "^1.2.2",
      "prosemirror-schema-list": "^1.3.0",
      "prosemirror-state": "^1.4.3",
      "prosemirror-tables": "^1.3.5",
      "prosemirror-trailing-node": "^2.0.7",
      "prosemirror-transform": "^1.8.0",
      "prosemirror-view": "^1.33.1",
      "punycode.js": "^2.3.1",
      "rope-sequence": "^1.3.4",
      "showdown": "^2.1.0",
      "socket.io-client": "^4.7.4",
      "socket.io-parser": "^4.2.4",
      "throttle-debounce": "^3.0.1",
      "tippy.js": "^6.3.7",
      "type-fest": "^2.19.0",
      "uc.micro": "^2.0.0",
      "util-deprecate": "^1.0.2",
      "vue-demi": "^0.14.7",
      "w3c-keyname": "^2.2.8",
      "ws": "^8.11.0",
      "xmlhttprequest-ssl": "^2.0.0"
    },
    "scripts": {
      "test": "echo \"Error: no test specified\" && exit 1",
      "postinstall": "cd fundraising && yarn install",
      "dev": "cd fundraising && yarn dev",
      "build": "cd fundraising && yarn build"
    },
    "keywords": [],
    "author": "",
    "license": "ISC"
  }

yarn manifest: 
  No manifest

Lockfile: 
  # THIS IS AN AUTOGENERATED FILE. DO NOT EDIT THIS FILE DIRECTLY.
  # yarn lockfile v1
  
  
  "@alloc/quick-lru@^5.2.0":
    version "5.2.0"
    resolved "https://registry.npmjs.org/@alloc/quick-lru/-/quick-lru-5.2.0.tgz"
    integrity sha512-UrcABB+4bUrFABwbluTIBErXwvbsU/V7TZWfmbgJfbkwiBuziS9gxdODUyuiecfdGQ85jglMW6juS3+z5TsKLw==
  
  "@babel/parser@^7.23.9":
    version "7.23.9"
    resolved "https://registry.npmjs.org/@babel/parser/-/parser-7.23.9.tgz"
    integrity sha512-9tcKgqKbs3xGJ+NtKF2ndOBBLVwPjl1SHxPQkd36r3Dlirw3xWUeGaTbqr7uGZcTaxkVNwc+03SVP7aCdWrTlA==
  
  "@headlessui/vue@^1.7.14":
    version "1.7.19"
    resolved "https://registry.npmjs.org/@headlessui/vue/-/vue-1.7.19.tgz"
    integrity sha512-VFjKPybogux/5/QYGSq4zgG/x3RcxId15W8uguAJAjPBxelI23dwjOjTx/mIiMkM/Hd3rzFxcf2aIp56eEWRcA==
    dependencies:
      "@tanstack/vue-virtual" "^3.0.0-beta.60"
  
  "@ionic/core@7.7.3":
    version "7.7.3"
    resolved "https://registry.npmjs.org/@ionic/core/-/core-7.7.3.tgz"
    integrity sha512-DSv6DPuiLU2MXsgDAXKFJW5OXxT7EyPy2jcQf03RcWooWeFryy979mqotPw7BgUuWt/fVGuz2tl3peAJGSqmDQ==
    dependencies:
      "@stencil/core" "^4.12.2"
      ionicons "^7.2.2"
      tslib "^2.1.0"
  
  "@ionic/vue-router@^7.7.3":
    version "7.7.3"
    resolved "https://registry.npmjs.org/@ionic/vue-router/-/vue-router-7.7.3.tgz"
    integrity sha512-0P2pDnwpHOVyCrn2IkH2kuU7vJF0vebLTG7P7mt55+sXVQzqcU3bywTTAI3IKxrLVUqvPBcQvg8LwqEmacK5bA==
    dependencies:
      "@ionic/vue" "7.7.3"
  
  "@ionic/vue@7.7.3":
    version "7.7.3"
    resolved "https://registry.npmjs.org/@ionic/vue/-/vue-7.7.3.tgz"
    integrity sha512-5j21jj4QldoJ6qtTvhEcSoYCvTB/VlVvFx3UnNrlobmmZkryciPHP1j5evzSiuX3aKILkeJmB2yq1OBoHdvoUA==
    dependencies:
      "@ionic/core" "7.7.3"
      ionicons "^7.0.0"
  
  "@isaacs/cliui@^8.0.2":
    version "8.0.2"
    resolved "https://registry.npmjs.org/@isaacs/cliui/-/cliui-8.0.2.tgz"
    integrity sha512-O8jcjabXaleOG9DQ0+ARXWZBTfnP4WNAqzuiJK7ll44AmxGKv/J2M4TPjxjY3znBCfvBXFzucm1twdyFybFqEA==
    dependencies:
      string-width "^5.1.2"
      string-width-cjs "npm:string-width@^4.2.0"
      strip-ansi "^7.0.1"
      strip-ansi-cjs "npm:strip-ansi@^6.0.1"
      wrap-ansi "^8.1.0"
      wrap-ansi-cjs "npm:wrap-ansi@^7.0.0"
  
  "@jridgewell/gen-mapping@^0.3.2":
    version "0.3.4"
    resolved "https://registry.npmjs.org/@jridgewell/gen-mapping/-/gen-mapping-0.3.4.tgz"
    integrity sha512-Oud2QPM5dHviZNn4y/WhhYKSXksv+1xLEIsNrAbGcFzUN3ubqWRFT5gwPchNc5NuzILOU4tPBDTZ4VwhL8Y7cw==
    dependencies:
      "@jridgewell/set-array" "^1.0.1"
      "@jridgewell/sourcemap-codec" "^1.4.10"
      "@jridgewell/trace-mapping" "^0.3.9"
  
  "@jridgewell/resolve-uri@^3.1.0":
    version "3.1.2"
    resolved "https://registry.npmjs.org/@jridgewell/resolve-uri/-/resolve-uri-3.1.2.tgz"
    integrity sha512-bRISgCIjP20/tbWSPWMEi54QVPRZExkuD9lJL+UIxUKtwVJA8wW1Trb1jMs1RFXo1CBTNZ/5hpC9QvmKWdopKw==
  
  "@jridgewell/set-array@^1.0.1":
    version "1.1.2"
    resolved "https://registry.npmjs.org/@jridgewell/set-array/-/set-array-1.1.2.tgz"
    integrity sha512-xnkseuNADM0gt2bs+BvhO0p78Mk762YnZdsuzFV018NoG1Sj1SCQvpSqa7XUaTam5vAGasABV9qXASMKnFMwMw==
  
  "@jridgewell/sourcemap-codec@^1.4.10", "@jridgewell/sourcemap-codec@^1.4.14", "@jridgewell/sourcemap-codec@^1.4.15":
    version "1.4.15"
    resolved "https://registry.npmjs.org/@jridgewell/sourcemap-codec/-/sourcemap-codec-1.4.15.tgz"
    integrity sha512-eF2rxCRulEKXHTRiDrDy6erMYWqNw4LPdQ8UQA4huuxaQsVeRPFl2oM8oDGxMFhJUWZf9McpLtJasDDZb/Bpeg==
  
  "@jridgewell/trace-mapping@^0.3.9":
    version "0.3.23"
    resolved "https://registry.npmjs.org/@jridgewell/trace-mapping/-/trace-mapping-0.3.23.tgz"
    integrity sha512-9/4foRoUKp8s96tSkh8DlAAc5A0Ty8vLXld+l9gjKKY6ckwI8G15f0hskGmuLZu78ZlGa1vtsfOa+lnB4vG6Jg==
    dependencies:
      "@jridgewell/resolve-uri" "^3.1.0"
      "@jridgewell/sourcemap-codec" "^1.4.14"
  
  "@nodelib/fs.scandir@2.1.5":
    version "2.1.5"
    resolved "https://registry.npmjs.org/@nodelib/fs.scandir/-/fs.scandir-2.1.5.tgz"
    integrity sha512-vq24Bq3ym5HEQm2NKCr3yXDwjc7vTsEThRDnkp2DK9p1uqLR+DHurm/NOTo0KG7HYHU7eppKZj3MyqYuMBf62g==
    dependencies:
      "@nodelib/fs.stat" "2.0.5"
      run-parallel "^1.1.9"
  
  "@nodelib/fs.stat@^2.0.2", "@nodelib/fs.stat@2.0.5":
    version "2.0.5"
    resolved "https://registry.npmjs.org/@nodelib/fs.stat/-/fs.stat-2.0.5.tgz"
    integrity sha512-RkhPPp2zrqDAQA/2jNhnztcPAlv64XdhIp7a7454A5ovI7Bukxgt7MX7udwAu3zg1DcpPU0rz3VV1SeaqvY4+A==
  
  "@nodelib/fs.walk@^1.2.3":
    version "1.2.8"
    resolved "https://registry.npmjs.org/@nodelib/fs.walk/-/fs.walk-1.2.8.tgz"
    integrity sha512-oGB+UxlgWcgQkgwo8GcEGwemoTFt3FIO9ababBmaGwXIoBKZ+GTy0pP185beGg7Llih/NSHSV2XAs1lnznocSg==
    dependencies:
      "@nodelib/fs.scandir" "2.1.5"
      fastq "^1.6.0"
  
  "@pkgjs/parseargs@^0.11.0":
    version "0.11.0"
    resolved "https://registry.npmjs.org/@pkgjs/parseargs/-/parseargs-0.11.0.tgz"
    integrity sha512-+1VkjdD0QBLPodGrJUeqarH8VAIvQODIbwh9XpP5Syisf7YoQgsJKPNFoqqLQlu+VQ/tVSshMR6loPMn8U+dPg==
  
  "@popperjs/core@^2.11.2", "@popperjs/core@^2.9.0":
    version "2.11.8"
    resolved "https://registry.npmjs.org/@popperjs/core/-/core-2.11.8.tgz"
    integrity sha512-P1st0aksCrn9sGZhp8GMYwBnQsbvAWsZAX44oXNNvLHGqAOcoVxmjZiohstwQ7SqKnbR47akdNi+uleWD8+g6A==
  
  "@remirror/core-constants@^2.0.2":
    version "2.0.2"
    resolved "https://registry.npmjs.org/@remirror/core-constants/-/core-constants-2.0.2.tgz"
    integrity sha512-dyHY+sMF0ihPus3O27ODd4+agdHMEmuRdyiZJ2CCWjPV5UFmn17ZbElvk6WOGVE4rdCJKZQCrPV2BcikOMLUGQ==
  
  "@remirror/core-helpers@^3.0.0":
    version "3.0.0"
    resolved "https://registry.npmjs.org/@remirror/core-helpers/-/core-helpers-3.0.0.tgz"
    integrity sha512-tusEgQJIqg4qKj6HSBUFcyRnWnziw3neh4T9wOmsPGHFC3w9kl5KSrDb9UAgE8uX6y32FnS7vJ955mWOl3n50A==
    dependencies:
      "@remirror/core-constants" "^2.0.2"
      "@remirror/types" "^1.0.1"
      "@types/object.omit" "^3.0.0"
      "@types/object.pick" "^1.3.2"
      "@types/throttle-debounce" "^2.1.0"
      case-anything "^2.1.13"
      dash-get "^1.0.2"
      deepmerge "^4.3.1"
      fast-deep-equal "^3.1.3"
      make-error "^1.3.6"
      object.omit "^3.0.0"
      object.pick "^1.3.0"
      throttle-debounce "^3.0.1"
  
  "@remirror/types@^1.0.1":
    version "1.0.1"
    resolved "https://registry.npmjs.org/@remirror/types/-/types-1.0.1.tgz"
    integrity sha512-VlZQxwGnt1jtQ18D6JqdIF+uFZo525WEqrfp9BOc3COPpK4+AWCgdnAWL+ho6imWcoINlGjR/+3b6y5C1vBVEA==
    dependencies:
      type-fest "^2.19.0"
  
  "@socket.io/component-emitter@~3.1.0":
    version "3.1.0"
    resolved "https://registry.npmjs.org/@socket.io/component-emitter/-/component-emitter-3.1.0.tgz"
    integrity sha512-+9jVqKhRSpsc591z5vX+X5Yyw+he/HCB4iQ/RYxw35CEPaY1gnsNE43nf9n9AaYjAQrTiI/mOwKUKdUs9vf7Xg==
  
  "@stencil/core@^4.0.3", "@stencil/core@^4.12.2":
    version "4.12.4"
    resolved "https://registry.npmjs.org/@stencil/core/-/core-4.12.4.tgz"
    integrity sha512-KrwoXu9J1loWSvQQReilGPkt6/dCH/x5eTBDecCBPclz7vxUM13Iw9almBIffEpurk/kaMAglH0G7sAF/A2y1A==
  
  "@tailwindcss/forms@^0.5.3":
    version "0.5.7"
    resolved "https://registry.npmjs.org/@tailwindcss/forms/-/forms-0.5.7.tgz"
    integrity sha512-QE7X69iQI+ZXwldE+rzasvbJiyV/ju1FGHH0Qn2W3FKbuYtqp8LKcy6iSw79fVUT5/Vvf+0XgLCeYVG+UV6hOw==
    dependencies:
      mini-svg-data-uri "^1.2.3"
  
  "@tailwindcss/typography@^0.5.0":
    version "0.5.10"
    resolved "https://registry.npmjs.org/@tailwindcss/typography/-/typography-0.5.10.tgz"
    integrity sha512-Pe8BuPJQJd3FfRnm6H0ulKIGoMEQS+Vq01R6M5aCrFB/ccR/shT+0kXLjouGC1gFLm9hopTFN+DMP0pfwRWzPw==
    dependencies:
      lodash.castarray "^4.4.0"
      lodash.isplainobject "^4.0.6"
      lodash.merge "^4.6.2"
      postcss-selector-parser "6.0.10"
  
  "@tanstack/virtual-core@3.1.2":
    version "3.1.2"
    resolved "https://registry.npmjs.org/@tanstack/virtual-core/-/virtual-core-3.1.2.tgz"
    integrity sha512-DATZJs8iejkIUqXZe6ruDAnjFo78BKnIIgqQZrc7CmEFqfLEN/TPD91n4hRfo6hpRB6xC00bwKxv7vdjFNEmOg==
  
  "@tanstack/vue-virtual@^3.0.0-beta.60":
    version "3.1.2"
    resolved "https://registry.npmjs.org/@tanstack/vue-virtual/-/vue-virtual-3.1.2.tgz"
    integrity sha512-RmUnhsFtRw9p4Ti/+rG2Hr3y4yFhs8Xdsn7x9tkPoKINbVya/5RSCoNUCCAg2iXNjOI5a55iBNzNV0SVwxMwKA==
    dependencies:
      "@tanstack/virtual-core" "3.1.2"
  
  "@tiptap/core@^2.0.0", "@tiptap/core@^2.2.3":
    version "2.2.3"
    resolved "https://registry.npmjs.org/@tiptap/core/-/core-2.2.3.tgz"
    integrity sha512-0l3p1/cuaQk8XFf+Ft/ExbUjReGes5Iep7y4nuL/Fzi2S92DZzozY6cosXBHC/Xsqzn6zIkl/gnQTgmTvlmhCQ==
  
  "@tiptap/extension-blockquote@^2.2.3":
    version "2.2.3"
    resolved "https://registry.npmjs.org/@tiptap/extension-blockquote/-/extension-blockquote-2.2.3.tgz"
    integrity sha512-gN23d/ADhTOB0YIM4lR0VrVczdyaXpmIVYYWZ45tQEVJzFWRSIScE9m9NaVqtqwEMpYHyTHxLth0OQutZ91sog==
  
  "@tiptap/extension-bold@^2.2.3":
    version "2.2.3"
    resolved "https://registry.npmjs.org/@tiptap/extension-bold/-/extension-bold-2.2.3.tgz"
    integrity sha512-bHeFkRY5+Nf2DKupstV8EIVn359tw/9MFwDEDoF9F+Sn/vjuS35vm0OqjXYg/Ya9CQvwl/2oym/fKv5kO+Q6og==
  
  "@tiptap/extension-bubble-menu@^2.2.3":
    version "2.2.3"
    resolved "https://registry.npmjs.org/@tiptap/extension-bubble-menu/-/extension-bubble-menu-2.2.3.tgz"
    integrity sha512-6ybColxLznGilzOY/yk3KcpV4JQy+QDDW6Za6zWV6OEs9D8I8VUeMAS77isMMc1dffvHfmgZpVZm/lsva8UuCw==
    dependencies:
      tippy.js "^6.3.7"
  
  "@tiptap/extension-bullet-list@^2.2.3":
    version "2.2.3"
    resolved "https://registry.npmjs.org/@tiptap/extension-bullet-list/-/extension-bullet-list-2.2.3.tgz"
    integrity sha512-BpYg1pIfLE+2LTC90ts53deEWGSmAojhM/jJ84U19qfbfXt/7/KHrZJ4SAMxJSW3pLpy0bIq2XuOuvppOYVR5g==
  
  "@tiptap/extension-code-block@^2.2.3":
    version "2.2.3"
    resolved "https://registry.npmjs.org/@tiptap/extension-code-block/-/extension-code-block-2.2.3.tgz"
    integrity sha512-1xFM2Aj/JEWAT1PWjQ/7hEVmo1Av6JHxTANxMIjXUcmrMJkXDA+BQ7yItlwrrHxY0SJdxBbR/WWFn4dWIxd7iA==
  
  "@tiptap/extension-code@^2.2.3":
    version "2.2.3"
    resolved "https://registry.npmjs.org/@tiptap/extension-code/-/extension-code-2.2.3.tgz"
    integrity sha512-ZMp3CrbAV+PVOnPbGmruvlxFENLc+J/Fos8Y4mWvS1nDbrGuu19OKgKimwdzfDBpZVFVnHpEUnDTMBDzDe0hkg==
  
  "@tiptap/extension-color@^2.0.3":
    version "2.2.3"
    resolved "https://registry.npmjs.org/@tiptap/extension-color/-/extension-color-2.2.3.tgz"
    integrity sha512-d9CNqXkv6jWfb7gFxmuRw8+fgh90mbZJIWwLROrUEZj87rZbRggDh24KViR3W++Ha+G4WruoRrMlVsl62SFAVw==
  
  "@tiptap/extension-document@^2.2.3":
    version "2.2.3"
    resolved "https://registry.npmjs.org/@tiptap/extension-document/-/extension-document-2.2.3.tgz"
    integrity sha512-60Egd9yKb5SzpQlstQAP2A/2a/Qr+A+TblMRKZugrT+NENUhAj6Tx1HxWlblqGu2MsS1iXvQLZ6BQO1jHkL2IQ==
  
  "@tiptap/extension-dropcursor@^2.2.3":
    version "2.2.3"
    resolved "https://registry.npmjs.org/@tiptap/extension-dropcursor/-/extension-dropcursor-2.2.3.tgz"
    integrity sha512-SFvxgVX8/l3H+fV1q6dwmVEwlHuGbaKp1pkQb16/cDiWke/AWOBFTGOIVDfulLI5IiRIL7u3uc+Fy7BXrGDqQw==
  
  "@tiptap/extension-floating-menu@^2.2.3":
    version "2.2.3"
    resolved "https://registry.npmjs.org/@tiptap/extension-floating-menu/-/extension-floating-menu-2.2.3.tgz"
    integrity sha512-ZeQGmIFNImhu/zzn//Xzupwa82j2vIwiMoviX2zd+2DutoFnm4qRIAU6qpjzV+ZOSHAq3aBMGnYwEAY6vl4f3g==
    dependencies:
      tippy.js "^6.3.7"
  
  "@tiptap/extension-gapcursor@^2.2.3":
    version "2.2.3"
    resolved "https://registry.npmjs.org/@tiptap/extension-gapcursor/-/extension-gapcursor-2.2.3.tgz"
    integrity sha512-zPVpxembkuOQL/eJ5oAjvZ9Tyv480OpViKrNtOsQh+0nZctmWKnfDntMoWBZiSeW1vsGjkeFIckdeEAQ1KbIxA==
  
  "@tiptap/extension-hard-break@^2.2.3":
    version "2.2.3"
    resolved "https://registry.npmjs.org/@tiptap/extension-hard-break/-/extension-hard-break-2.2.3.tgz"
    integrity sha512-P7sP4WBEaQyiiFAswy9lKvaUWUAUwnfTSN3svTAgx0fpU3/ZeVWg+SDi5ve474Ym2oz2eRAr09mNTdWEUsL32Q==
  
  "@tiptap/extension-heading@^2.2.3":
    version "2.2.3"
    resolved "https://registry.npmjs.org/@tiptap/extension-heading/-/extension-heading-2.2.3.tgz"
    integrity sha512-7atctuvtwPqIAdnBPOhAMsJZd41UPnWN3CktzgzfsfEoplq/86QR1hGIE4JXVB2wAZDmbnKP9Fe8PCNr7Q8JCQ==
  
  "@tiptap/extension-highlight@^2.0.3":
    version "2.2.3"
    resolved "https://registry.npmjs.org/@tiptap/extension-highlight/-/extension-highlight-2.2.3.tgz"
    integrity sha512-3K9WbrR2WCYq7a/2JSQi5K2zzG/5ebNfTOXyDcT3kn5B5PutyWuDCzqjkPxGXmkf8yEZTQ9Sn2lQPRMG3sNwFw==
  
  "@tiptap/extension-history@^2.2.3":
    version "2.2.3"
    resolved "https://registry.npmjs.org/@tiptap/extension-history/-/extension-history-2.2.3.tgz"
    integrity sha512-S1TUfLtrasyv4zFNlBL302uYaR4wxqR/T36a4d71c0ozr0PsdVc6/f9lfH4aYw4PmS3fzDwJj0PAJ9bb+qDbPw==
  
  "@tiptap/extension-horizontal-rule@^2.2.3":
    version "2.2.3"
    resolved "https://registry.npmjs.org/@tiptap/extension-horizontal-rule/-/extension-horizontal-rule-2.2.3.tgz"
    integrity sha512-pc0J0hBcvj9ymJkFau1W/3L+OhB1PQzMjsx4ZWJvxURL8U7zdDqvYvJjfCA0i5Qw2ZuSVXFACGbEVr6NoCMRAw==
  
  "@tiptap/extension-image@^2.0.3":
    version "2.2.3"
    resolved "https://registry.npmjs.org/@tiptap/extension-image/-/extension-image-2.2.3.tgz"
    integrity sha512-IkhISPZ++INAQ3RSwjtJkMIinRyY2g8bqfgyLrc6kXNtfxRGLYS+lizvnI5UUO6X4sRgg/FPfqctAz5bqQBGzA==
  
  "@tiptap/extension-italic@^2.2.3":
    version "2.2.3"
    resolved "https://registry.npmjs.org/@tiptap/extension-italic/-/extension-italic-2.2.3.tgz"
    integrity sha512-SSsFuRnm4Y4Qnc6EuvmA4iarLCt/sg8qkqCKiNPjDUP5JR8HGESeoYVjQzprLHY8jusT9qoC26TP1Sin5vZmWQ==
  
  "@tiptap/extension-link@^2.0.3":
    version "2.2.3"
    resolved "https://registry.npmjs.org/@tiptap/extension-link/-/extension-link-2.2.3.tgz"
    integrity sha512-AKKgkllpj0Po/hi2bVz719OMqyB1nBhKU/Q05yeWVirOYwF2ZwfM4iK2Iab7xWUVhvlyIG3lrWFQL8A30yuqwQ==
    dependencies:
      linkifyjs "^4.1.0"
  
  "@tiptap/extension-list-item@^2.2.3":
    version "2.2.3"
    resolved "https://registry.npmjs.org/@tiptap/extension-list-item/-/extension-list-item-2.2.3.tgz"
    integrity sha512-eyfk4f1jOioj+mkIN2m6XQK61MpV0fi17utt8VNx893Td8kS0g7HHuuYMwyjIRtG35ENUaAt7c216JQwnLsrAw==
  
  "@tiptap/extension-mention@^2.0.3":
    version "2.2.3"
    resolved "https://registry.npmjs.org/@tiptap/extension-mention/-/extension-mention-2.2.3.tgz"
    integrity sha512-HFSZcGLUJ/31aiOsc2CnkjS5EBg6EbU+SKLQZx7/pA4/ew4uSWOPI7a03mgGmNoRfR16est55OrauEuBj8hKrQ==
  
  "@tiptap/extension-ordered-list@^2.2.3":
    version "2.2.3"
    resolved "https://registry.npmjs.org/@tiptap/extension-ordered-list/-/extension-ordered-list-2.2.3.tgz"
    integrity sha512-YIWpjkHAJN74tY185ZqatlG4+KbXQOdkJpc5cKWqO89gVWLi7+4xwdeeXbTEG64/LOOWS4Q6r1/EJmDy2FCbyA==
  
  "@tiptap/extension-paragraph@^2.2.3":
    version "2.2.3"
    resolved "https://registry.npmjs.org/@tiptap/extension-paragraph/-/extension-paragraph-2.2.3.tgz"
    integrity sha512-4dP+Ecb2iEWW33ckFKjXRnSfEygaFUN19qzc7mUYD8e61ZA8caWL6//uL7DFIz4Q1rchyefbU52gCwTh2P42kQ==
  
  "@tiptap/extension-placeholder@^2.0.3":
    version "2.2.3"
    resolved "https://registry.npmjs.org/@tiptap/extension-placeholder/-/extension-placeholder-2.2.3.tgz"
    integrity sha512-Kc+9a/uACY9XBT0uB/qFVpIHm8MzVr0uWA7MCjwDcMneANRLsXEBzWBzyHxRFoNRECfocivV9hQIhuO4i09c9A==
  
  "@tiptap/extension-strike@^2.2.3":
    version "2.2.3"
    resolved "https://registry.npmjs.org/@tiptap/extension-strike/-/extension-strike-2.2.3.tgz"
    integrity sha512-3wwFk01ociZajRzD08hp4j/4isFUeD6BIkKPDnZeGD5HKPdTOaDciE3dJ3JaZZrRZPPdPV3yMt5hkBOapqEKzQ==
  
  "@tiptap/extension-table-cell@^2.0.3":
    version "2.2.3"
    resolved "https://registry.npmjs.org/@tiptap/extension-table-cell/-/extension-table-cell-2.2.3.tgz"
    integrity sha512-VB+nOMtep9n3g6wU2ISZbBWzru2XIPiYVlyGkclmW3QzeFw3FC8JLY5HDDaSfuBgLL4/Ll17ol9WDkv62jlP/Q==
  
  "@tiptap/extension-table-header@^2.0.3":
    version "2.2.3"
    resolved "https://registry.npmjs.org/@tiptap/extension-table-header/-/extension-table-header-2.2.3.tgz"
    integrity sha512-tuuGjfmwuSEHbSMqFMG7BsfgL89KUIvUecukesrs10GJXKh96LKPpFk7JeM0rXAOIDiR6DLF8gfhF1a+OlBpWQ==
  
  "@tiptap/extension-table-row@^2.0.3":
    version "2.2.3"
    resolved "https://registry.npmjs.org/@tiptap/extension-table-row/-/extension-table-row-2.2.3.tgz"
    integrity sha512-PohdsPNciwD5fN7I0cthOK8204GbYTZVe2YX1S54dCwoTIlzbJiWiFBLlftP0kqveWLTJD4l1CO0tUku39eFEA==
  
  "@tiptap/extension-table@^2.0.3":
    version "2.2.3"
    resolved "https://registry.npmjs.org/@tiptap/extension-table/-/extension-table-2.2.3.tgz"
    integrity sha512-k5LwCHribSms7e+oxdqB8S7V7F9VAn2HYncDQnnOm8+v09/JfqX1siWGGKaDeZGZ6BAKgOYx0hOf/RSWSTM8og==
  
  "@tiptap/extension-text-align@^2.0.3":
    version "2.2.3"
    resolved "https://registry.npmjs.org/@tiptap/extension-text-align/-/extension-text-align-2.2.3.tgz"
    integrity sha512-Di/nNTlWsd9LW2NYUg80MkwDnDy9E8H2o2m8Vi/FgvCvDikDr/VD2+AD37SfJMxAjiPFqhJJMyci3vY2Yenv0g==
  
  "@tiptap/extension-text-style@^2.0.0", "@tiptap/extension-text-style@^2.0.3":
    version "2.2.3"
    resolved "https://registry.npmjs.org/@tiptap/extension-text-style/-/extension-text-style-2.2.3.tgz"
    integrity sha512-23OGAX0GFXY3CBlrsgqgWTw2G6RNPao4O8FV/Ryvo2ckSI58ITOgXQtt6pejk424RAFVolHUKob36VGfC7RRGw==
  
  "@tiptap/extension-text@^2.2.3":
    version "2.2.3"
    resolved "https://registry.npmjs.org/@tiptap/extension-text/-/extension-text-2.2.3.tgz"
    integrity sha512-BrWGCkmuzVcsNy7dSCfJyVwedPzeNz6BR/OUNzM8Mqt2KSxfoIRy7cg16HvFB4YW+ijrM9XUqDIFvqYI0TY+Jg==
  
  "@tiptap/extension-typography@^2.0.3":
    version "2.2.3"
    resolved "https://registry.npmjs.org/@tiptap/extension-typography/-/extension-typography-2.2.3.tgz"
    integrity sha512-PCxb5lJkx/OguqgnrrhKdM8ayeH2EKrcCbbCMTScLEYSVKs0nkTt7p+PwugsZW5hxeuwhIOKgLSPHE4tSYol9w==
  
  "@tiptap/pm@^2.0.0", "@tiptap/pm@^2.0.3":
    version "2.2.3"
    resolved "https://registry.npmjs.org/@tiptap/pm/-/pm-2.2.3.tgz"
    integrity sha512-jYZX+0fjN+a1J8qY72Poz1LK6X6oHVQkJIq6qzcx3rm0voYZNVRzP2GIfzstncZiEqRXABHY3mWfOi2I4K9tQA==
    dependencies:
      prosemirror-changeset "^2.2.1"
      prosemirror-collab "^1.3.1"
      prosemirror-commands "^1.5.2"
      prosemirror-dropcursor "^1.8.1"
      prosemirror-gapcursor "^1.3.2"
      prosemirror-history "^1.3.2"
      prosemirror-inputrules "^1.3.0"
      prosemirror-keymap "^1.2.2"
      prosemirror-markdown "^1.12.0"
      prosemirror-menu "^1.2.4"
      prosemirror-model "^1.19.4"
      prosemirror-schema-basic "^1.2.2"
      prosemirror-schema-list "^1.3.0"
      prosemirror-state "^1.4.3"
      prosemirror-tables "^1.3.5"
      prosemirror-trailing-node "^2.0.7"
      prosemirror-transform "^1.8.0"
      prosemirror-view "^1.32.7"
  
  "@tiptap/starter-kit@^2.0.3":
    version "2.2.3"
    resolved "https://registry.npmjs.org/@tiptap/starter-kit/-/starter-kit-2.2.3.tgz"
    integrity sha512-Jx+QXz0SE1y+j498TqYEJcjbIV9YSMwcuIJQ04q8KqHuSmZrq9B22Qa4d0fpcM7uL7dLI4AcRrcqaOuIahCJYQ==
    dependencies:
      "@tiptap/core" "^2.2.3"
      "@tiptap/extension-blockquote" "^2.2.3"
      "@tiptap/extension-bold" "^2.2.3"
      "@tiptap/extension-bullet-list" "^2.2.3"
      "@tiptap/extension-code" "^2.2.3"
      "@tiptap/extension-code-block" "^2.2.3"
      "@tiptap/extension-document" "^2.2.3"
      "@tiptap/extension-dropcursor" "^2.2.3"
      "@tiptap/extension-gapcursor" "^2.2.3"
      "@tiptap/extension-hard-break" "^2.2.3"
      "@tiptap/extension-heading" "^2.2.3"
      "@tiptap/extension-history" "^2.2.3"
      "@tiptap/extension-horizontal-rule" "^2.2.3"
      "@tiptap/extension-italic" "^2.2.3"
      "@tiptap/extension-list-item" "^2.2.3"
      "@tiptap/extension-ordered-list" "^2.2.3"
      "@tiptap/extension-paragraph" "^2.2.3"
      "@tiptap/extension-strike" "^2.2.3"
      "@tiptap/extension-text" "^2.2.3"
  
  "@tiptap/suggestion@^2.0.0", "@tiptap/suggestion@^2.0.3":
    version "2.2.3"
    resolved "https://registry.npmjs.org/@tiptap/suggestion/-/suggestion-2.2.3.tgz"
    integrity sha512-pMInbk8+rYNaCz4oT/uS498mxSGIJXU32mkXv7wdDqMT2nnZQ2AHtJDUtMuB1RX+DS4ll9vdzrKqQHSW5t2ybQ==
  
  "@tiptap/vue-3@^2.0.3":
    version "2.2.3"
    resolved "https://registry.npmjs.org/@tiptap/vue-3/-/vue-3-2.2.3.tgz"
    integrity sha512-TC+pncpxP6GHgM+qvX/1mfT+Xl3OlEekZqjetNJC/MfFM55OL5dIEu5kVjOiRsGQ/TWgwBGPrRYEE0Y1D6FuBA==
    dependencies:
      "@tiptap/extension-bubble-menu" "^2.2.3"
      "@tiptap/extension-floating-menu" "^2.2.3"
  
  "@types/object.omit@^3.0.0":
    version "3.0.3"
    resolved "https://registry.npmjs.org/@types/object.omit/-/object.omit-3.0.3.tgz"
    integrity sha512-xrq4bQTBGYY2cw+gV4PzoG2Lv3L0pjZ1uXStRRDQoATOYW1lCsFQHhQ+OkPhIcQoqLjAq7gYif7D14Qaa6Zbew==
  
  "@types/object.pick@^1.3.2":
    version "1.3.4"
    resolved "https://registry.npmjs.org/@types/object.pick/-/object.pick-1.3.4.tgz"
    integrity sha512-5PjwB0uP2XDp3nt5u5NJAG2DORHIRClPzWT/TTZhJ2Ekwe8M5bA9tvPdi9NO/n2uvu2/ictat8kgqvLfcIE1SA==
  
  "@types/throttle-debounce@^2.1.0":
    version "2.1.0"
    resolved "https://registry.npmjs.org/@types/throttle-debounce/-/throttle-debounce-2.1.0.tgz"
    integrity sha512-5eQEtSCoESnh2FsiLTxE121IiE60hnMqcb435fShf4bpLRjEu1Eoekht23y6zXS9Ts3l+Szu3TARnTsA0GkOkQ==
  
  "@types/web-bluetooth@^0.0.20":
    version "0.0.20"
    resolved "https://registry.npmjs.org/@types/web-bluetooth/-/web-bluetooth-0.0.20.tgz"
    integrity sha512-g9gZnnXVq7gM7v3tJCWV/qw7w+KeOlSHAhgF9RytFyifW6AF61hdT2ucrYhPq9hLs5JIryeupHV3qGk95dH9ow==
  
  "@vue/compiler-core@3.4.20":
    version "3.4.20"
    resolved "https://registry.npmjs.org/@vue/compiler-core/-/compiler-core-3.4.20.tgz"
    integrity sha512-l7M+xUuL8hrGtRLkrf+62d9zucAdgqNBTbJ/NufCOIuJQhauhfyAKH9ra/qUctCXcULwmclGAVpvmxjbBO30qg==
    dependencies:
      "@babel/parser" "^7.23.9"
      "@vue/shared" "3.4.20"
      entities "^4.5.0"
      estree-walker "^2.0.2"
      source-map-js "^1.0.2"
  
  "@vue/compiler-dom@3.4.20":
    version "3.4.20"
    resolved "https://registry.npmjs.org/@vue/compiler-dom/-/compiler-dom-3.4.20.tgz"
    integrity sha512-/cSBGL79HFBYgDnqCNKErOav3bPde3n0sJwJM2Z09rXlkiowV/2SG1tgDAiWS1CatS4Cvo0o74e1vNeCK1R3RA==
    dependencies:
      "@vue/compiler-core" "3.4.20"
      "@vue/shared" "3.4.20"
  
  "@vue/compiler-sfc@3.4.20":
    version "3.4.20"
    resolved "https://registry.npmjs.org/@vue/compiler-sfc/-/compiler-sfc-3.4.20.tgz"
    integrity sha512-nPuTZz0yxTPzjyYe+9nQQsFYImcz/57UX8N3jyhl5oIUUs2jqqAMaULsAlJwve3qNYfjQzq0bwy3pqJrN9ecZw==
    dependencies:
      "@babel/parser" "^7.23.9"
      "@vue/compiler-core" "3.4.20"
      "@vue/compiler-dom" "3.4.20"
      "@vue/compiler-ssr" "3.4.20"
      "@vue/shared" "3.4.20"
      estree-walker "^2.0.2"
      magic-string "^0.30.7"
      postcss "^8.4.35"
      source-map-js "^1.0.2"
  
  "@vue/compiler-ssr@3.4.20":
    version "3.4.20"
    resolved "https://registry.npmjs.org/@vue/compiler-ssr/-/compiler-ssr-3.4.20.tgz"
    integrity sha512-b3gFQPiHLvI12C56otzBPpQhZ5kgkJ5RMv/zpLjLC2BIFwX5GktDqYQ7xg0Q2grP6uFI8al3beVKvAVxFtXmIg==
    dependencies:
      "@vue/compiler-dom" "3.4.20"
      "@vue/shared" "3.4.20"
  
  "@vue/devtools-api@^6.5.1":
    version "6.6.1"
    resolved "https://registry.npmjs.org/@vue/devtools-api/-/devtools-api-6.6.1.tgz"
    integrity sha512-LgPscpE3Vs0x96PzSSB4IGVSZXZBZHpfxs+ZA1d+VEPwHdOXowy/Y2CsvCAIFrf+ssVU1pD1jidj505EpUnfbA==
  
  "@vue/reactivity@3.4.20":
    version "3.4.20"
    resolved "https://registry.npmjs.org/@vue/reactivity/-/reactivity-3.4.20.tgz"
    integrity sha512-P5LJcxUkG6inlHr6MHVA4AVFAmRYJQ7ONGWJILNjMjoYuEXFhYviSCb9BEMyszSG/1kWCZbtWQlKSLasFRpThw==
    dependencies:
      "@vue/shared" "3.4.20"
  
  "@vue/runtime-core@3.4.20":
    version "3.4.20"
    resolved "https://registry.npmjs.org/@vue/runtime-core/-/runtime-core-3.4.20.tgz"
    integrity sha512-MPvsQpGAxoBqLHjqopt4YPtUYBpq0K6oAWDTwIR1CTNZ3y9O/J2ZVh+i2JpxKNYwANJBiZ20O99NE20uisB7xw==
    dependencies:
      "@vue/reactivity" "3.4.20"
      "@vue/shared" "3.4.20"
  
  "@vue/runtime-dom@3.4.20":
    version "3.4.20"
    resolved "https://registry.npmjs.org/@vue/runtime-dom/-/runtime-dom-3.4.20.tgz"
    integrity sha512-OkbPVP69H+8m74543zMAAx/LIkajxufYyow41gc0s5iF0uplT5uTQ4llDYu1GeJZEI8wjL5ueiPQruk4qwOMmA==
    dependencies:
      "@vue/runtime-core" "3.4.20"
      "@vue/shared" "3.4.20"
      csstype "^3.1.3"
  
  "@vue/server-renderer@3.4.20":
    version "3.4.20"
    resolved "https://registry.npmjs.org/@vue/server-renderer/-/server-renderer-3.4.20.tgz"
    integrity sha512-w3VH2GuwxQHA6pJo/HCV22OfVC8Mw4oeHQM+vKeqtRK0OPE1Wilnh+P/SDVGGxPjJsGmyfphi0dbw8UKZQJH9w==
    dependencies:
      "@vue/compiler-ssr" "3.4.20"
      "@vue/shared" "3.4.20"
  
  "@vue/shared@3.4.20":
    version "3.4.20"
    resolved "https://registry.npmjs.org/@vue/shared/-/shared-3.4.20.tgz"
    integrity sha512-KTEngal0aiUvNJ6I1Chk5Ew5XqChsFsxP4GKAYXWb99zKJWjNU72p2FWEOmZWHxHcqtniOJsgnpd3zizdpfEag==
  
  "@vueuse/core@^10.4.1":
    version "10.8.0"
    resolved "https://registry.npmjs.org/@vueuse/core/-/core-10.8.0.tgz"
    integrity sha512-G9Ok9fjx10TkNIPn8V1dJmK1NcdJCtYmDRyYiTMUyJ1p0Tywc1zmOoCQ2xhHYyz8ULBU4KjIJQ9n+Lrty74iVw==
    dependencies:
      "@types/web-bluetooth" "^0.0.20"
      "@vueuse/metadata" "10.8.0"
      "@vueuse/shared" "10.8.0"
      vue-demi ">=0.14.7"
  
  "@vueuse/metadata@10.8.0":
    version "10.8.0"
    resolved "https://registry.npmjs.org/@vueuse/metadata/-/metadata-10.8.0.tgz"
    integrity sha512-Nim/Vle5OgXcXhAvGOgkJQXB1Yb+Kq/fMbLuv3YYDYbiQrwr39ljuD4k9fPeq4yUyokYRo2RaNQmbbIMWB/9+w==
  
  "@vueuse/shared@10.8.0":
    version "10.8.0"
    resolved "https://registry.npmjs.org/@vueuse/shared/-/shared-10.8.0.tgz"
    integrity sha512-dUdy6zwHhULGxmr9YUg8e+EnB39gcM4Fe2oKBSrh3cOsV30JcMPtsyuspgFCUo5xxFNaeMf/W2yyKfST7Bg8oQ==
    dependencies:
      vue-demi ">=0.14.7"
  
  ansi-regex@^5.0.1:
    version "5.0.1"
    resolved "https://registry.npmjs.org/ansi-regex/-/ansi-regex-5.0.1.tgz"
    integrity sha512-quJQXlTSUGL2LH9SUXo8VwsY4soanhgo6LNSm84E1LBcE8s3O0wpdiRzyR9z/ZZJMlMWv37qOOb9pdJlMUEKFQ==
  
  ansi-regex@^6.0.1:
    version "6.0.1"
    resolved "https://registry.npmjs.org/ansi-regex/-/ansi-regex-6.0.1.tgz"
    integrity sha512-n5M855fKb2SsfMIiFFoVrABHJC8QtHwVx+mHWP3QcEqBHYienj5dHSgjbxtC0WEZXYt4wcD6zrQElDPhFuZgfA==
  
  ansi-styles@^4.0.0:
    version "4.3.0"
    resolved "https://registry.npmjs.org/ansi-styles/-/ansi-styles-4.3.0.tgz"
    integrity sha512-zbB9rCJAT1rbjiVDb2hqKFHNYLxgtk8NURxZ3IZwD3F6NtxbXZQCnnSi1Lkx+IDohdPlFp222wVALIheZJQSEg==
    dependencies:
      color-convert "^2.0.1"
  
  ansi-styles@^6.1.0:
    version "6.2.1"
    resolved "https://registry.npmjs.org/ansi-styles/-/ansi-styles-6.2.1.tgz"
    integrity sha512-bN798gFfQX+viw3R7yrGWRqnrN2oRkEkUjjl4JNn4E8GxxbjtG3FbrEIIY3l8/hrwUwIeCZvi4QuOTP4MErVug==
  
  any-promise@^1.0.0:
    version "1.3.0"
    resolved "https://registry.npmjs.org/any-promise/-/any-promise-1.3.0.tgz"
    integrity sha512-7UvmKalWRt1wgjL1RrGxoSJW/0QZFIegpeGvZG9kjp8vrRu55XTHbwnqq2GpXm9uLbcuhxm3IqX9OB4MZR1b2A==
  
  anymatch@~3.1.2:
    version "3.1.3"
    resolved "https://registry.npmjs.org/anymatch/-/anymatch-3.1.3.tgz"
    integrity sha512-KMReFUr0B4t+D+OBkjR3KYqvocp2XaSzO55UcB6mgQMd3KbcE+mWTyvVV7D/zsdEbNnV6acZUutkiHQXvTr1Rw==
    dependencies:
      normalize-path "^3.0.0"
      picomatch "^2.0.4"
  
  arg@^5.0.2:
    version "5.0.2"
    resolved "https://registry.npmjs.org/arg/-/arg-5.0.2.tgz"
    integrity sha512-PYjyFOLKQ9y57JvQ6QLo8dAgNqswh8M1RMJYdQduT6xbWSgK36P/Z/v+p888pM69jMMfS8Xd8F6I1kQ/I9HUGg==
  
  argparse@^2.0.1:
    version "2.0.1"
    resolved "https://registry.npmjs.org/argparse/-/argparse-2.0.1.tgz"
    integrity sha512-8+9WqebbFzpX9OR+Wa6O29asIogeRMzcGtAINdpMHHyAg10f05aSFVBbcEqGf/PXw1EjAZ+q2/bEBg3DvurK3Q==
  
  balanced-match@^1.0.0:
    version "1.0.2"
    resolved "https://registry.npmjs.org/balanced-match/-/balanced-match-1.0.2.tgz"
    integrity sha512-3oSeUO0TMV67hN1AmbXsK4yaqU7tjiHlbxRDZOpH0KW9+CeX4bRAaX0Anxt0tx2MrpRpWwQaPwIlISEJhYU5Pw==
  
  binary-extensions@^2.0.0:
    version "2.2.0"
    resolved "https://registry.npmjs.org/binary-extensions/-/binary-extensions-2.2.0.tgz"
    integrity sha512-jDctJ/IVQbZoJykoeHbhXpOlNBqGNcwXJKJog42E5HDPUwQTSdjCHdihjj0DlnheQ7blbT6dHOafNAiS8ooQKA==
  
  brace-expansion@^2.0.1:
    version "2.0.1"
    resolved "https://registry.npmjs.org/brace-expansion/-/brace-expansion-2.0.1.tgz"
    integrity sha512-XnAIvQ8eM+kC6aULx6wuQiwVsnzsi9d3WxzV3FpWTGA19F621kwdbsAcFKXgKUHZWsy+mY6iL1sHTxWEFCytDA==
    dependencies:
      balanced-match "^1.0.0"
  
  braces@^3.0.2, braces@~3.0.2:
    version "3.0.2"
    resolved "https://registry.npmjs.org/braces/-/braces-3.0.2.tgz"
    integrity sha512-b8um+L1RzM3WDSzvhm6gIz1yfTbBt6YTlcEKAvsmqCZZFw46z626lVj9j1yEPW33H5H+lBQpZMP1k8l+78Ha0A==
    dependencies:
      fill-range "^7.0.1"
  
  camelcase-css@^2.0.1:
    version "2.0.1"
    resolved "https://registry.npmjs.org/camelcase-css/-/camelcase-css-2.0.1.tgz"
    integrity sha512-QOSvevhslijgYwRx6Rv7zKdMF8lbRmx+uQGx2+vDc+KI/eBnsy9kit5aj23AgGu3pa4t9AgwbnXWqS+iOY+2aA==
  
  case-anything@^2.1.13:
    version "2.1.13"
    resolved "https://registry.npmjs.org/case-anything/-/case-anything-2.1.13.tgz"
    integrity sha512-zlOQ80VrQ2Ue+ymH5OuM/DlDq64mEm+B9UTdHULv5osUMD6HalNTblf2b1u/m6QecjsnOkBpqVZ+XPwIVsy7Ng==
  
  chokidar@^3.5.3:
    version "3.6.0"
    resolved "https://registry.npmjs.org/chokidar/-/chokidar-3.6.0.tgz"
    integrity sha512-7VT13fmjotKpGipCW9JEQAusEPE+Ei8nl6/g4FBAmIm0GOOLMua9NDDo/DWp0ZAxCr3cPq5ZpBqmPAQgDda2Pw==
    dependencies:
      anymatch "~3.1.2"
      braces "~3.0.2"
      glob-parent "~5.1.2"
      is-binary-path "~2.1.0"
      is-glob "~4.0.1"
      normalize-path "~3.0.0"
      readdirp "~3.6.0"
    optionalDependencies:
      fsevents "~2.3.2"
  
  classnames@^2.2.5, classnames@^2.5.1:
    version "2.5.1"
    resolved "https://registry.npmjs.org/classnames/-/classnames-2.5.1.tgz"
    integrity sha512-saHYOzhIQs6wy2sVxTM6bUDsQO4F50V9RQ22qBpEdCW+I+/Wmke2HOl6lS6dTpdxVhb88/I6+Hs+438c3lfUow==
  
  color-convert@^2.0.1:
    version "2.0.1"
    resolved "https://registry.npmjs.org/color-convert/-/color-convert-2.0.1.tgz"
    integrity sha512-RRECPsj7iu/xb5oKYcsFHSppFNnsj/52OVTRKb4zP5onXwVF3zVmmToNcOfGC+CRDpfK/U584fMg38ZHCaElKQ==
    dependencies:
      color-name "~1.1.4"
  
  color-name@~1.1.4:
    version "1.1.4"
    resolved "https://registry.npmjs.org/color-name/-/color-name-1.1.4.tgz"
    integrity sha512-dOy+3AuW3a2wNbZHIuMZpTcgjGuLU/uBL/ubcZF9OXbDo8ff4O8yVp5Bf0efS8uEoYo5q4Fx7dY9OgQGXgAsQA==
  
  commander@^4.0.0:
    version "4.1.1"
    resolved "https://registry.npmjs.org/commander/-/commander-4.1.1.tgz"
    integrity sha512-NOKm8xhkzAjzFx8B2v5OAHT+u5pRQc2UCa2Vq9jYL/31o2wi9mxBA7LIFs3sV5VSC49z6pEhfbMULvShKj26WA==
  
  commander@^9.0.0, commander@^9.5.0:
    version "9.5.0"
    resolved "https://registry.npmjs.org/commander/-/commander-9.5.0.tgz"
    integrity sha512-KRs7WVDKg86PWiuAqhDrAQnTXZKraVcCc6vFdL14qrZ/DcWwuRo7VoiYXalXO7S5GKpqYiVEwCbgFDfxNHKJBQ==
  
  core-js@^3.1.3, core-js@^3.36.0:
    version "3.36.0"
    resolved "https://registry.npmjs.org/core-js/-/core-js-3.36.0.tgz"
    integrity sha512-mt7+TUBbTFg5+GngsAxeKBTl5/VS0guFeJacYge9OmHb+m058UwwIm41SE9T4Den7ClatV57B6TYTuJ0CX1MAw==
  
  crelt@^1.0.0, crelt@^1.0.6:
    version "1.0.6"
    resolved "https://registry.npmjs.org/crelt/-/crelt-1.0.6.tgz"
    integrity sha512-VQ2MBenTq1fWZUH9DJNGti7kKv6EeAuYr3cLwxUWhIu1baTaXh4Ib5W2CqHVqib4/MqbYGJqiL3Zb8GJZr3l4g==
  
  cross-spawn@^7.0.0:
    version "7.0.3"
    resolved "https://registry.npmjs.org/cross-spawn/-/cross-spawn-7.0.3.tgz"
    integrity sha512-iRDPJKUPVEND7dHPO8rkbOnPpyDygcDFtWjpeWNCgy8WP2rXcxXL8TskReQl6OrB2G7+UJrags1q15Fudc7G6w==
    dependencies:
      path-key "^3.1.0"
      shebang-command "^2.0.0"
      which "^2.0.1"
  
  cssesc@^3.0.0:
    version "3.0.0"
    resolved "https://registry.npmjs.org/cssesc/-/cssesc-3.0.0.tgz"
    integrity sha512-/Tb/JcjK111nNScGob5MNtsntNM1aCNUDipB/TkwZFhyDrrE47SOx/18wF2bbjgc3ZzCSKW1T5nt5EbFoAz/Vg==
  
  csstype@^3.1.3:
    version "3.1.3"
    resolved "https://registry.npmjs.org/csstype/-/csstype-3.1.3.tgz"
    integrity sha512-M1uQkMl8rQK/szD0LNhtqxIPLpimGm8sOBwU7lLnCpSbTyY3yeU1Vc7l4KT5zT4s/yOxHH5O7tIuuLOCnLADRw==
  
  dash-get@^1.0.2:
    version "1.0.2"
    resolved "https://registry.npmjs.org/dash-get/-/dash-get-1.0.2.tgz"
    integrity sha512-4FbVrHDwfOASx7uQVxeiCTo7ggSdYZbqs8lH+WU6ViypPlDbe9y6IP5VVUDQBv9DcnyaiPT5XT0UWHgJ64zLeQ==
  
  debug@^4.3.4, debug@~4.3.1, debug@~4.3.2:
    version "4.3.4"
    resolved "https://registry.npmjs.org/debug/-/debug-4.3.4.tgz"
    integrity sha512-PRWFHuSU3eDtQJPvnNY7Jcket1j0t5OuOsFzPPzsekD52Zl8qUfFIPEiswXqIvHWGVHOgX+7G/vCNNhehwxfkQ==
    dependencies:
      ms "2.1.2"
  
  deepmerge@^4.3.1:
    version "4.3.1"
    resolved "https://registry.npmjs.org/deepmerge/-/deepmerge-4.3.1.tgz"
    integrity sha512-3sUqbMEc77XqpdNO7FRyRog+eW3ph+GYCbj+rK+uYyRMuwsVy0rMiVtPn+QJlKFvWP/1PYpapqYn0Me2knFn+A==
  
  didyoumean@^1.2.2:
    version "1.2.2"
    resolved "https://registry.npmjs.org/didyoumean/-/didyoumean-1.2.2.tgz"
    integrity sha512-gxtyfqMg7GKyhQmb056K7M3xszy/myH8w+B4RT+QXBQsvAOdc3XymqDDPHx1BgPgsdAA5SIifona89YtRATDzw==
  
  dlv@^1.1.3:
    version "1.1.3"
    resolved "https://registry.npmjs.org/dlv/-/dlv-1.1.3.tgz"
    integrity sha512-+HlytyjlPKnIG8XuRG8WvmBP8xs8P71y+SKKS6ZXWoEgLuePxtDoUEiH7WkdePWrQ5JBpE6aoVqfZfJUQkjXwA==
  
  eastasianwidth@^0.2.0:
    version "0.2.0"
    resolved "https://registry.npmjs.org/eastasianwidth/-/eastasianwidth-0.2.0.tgz"
    integrity sha512-I88TYZWc9XiYHRQ4/3c5rjjfgkjhLyW2luGIheGERbNQ6OY7yTybanSpDXZa8y7VUP9YmDcYa+eyq4ca7iLqWA==
  
  emoji-regex@^8.0.0:
    version "8.0.0"
    resolved "https://registry.npmjs.org/emoji-regex/-/emoji-regex-8.0.0.tgz"
    integrity sha512-MSjYzcWNOA0ewAHpz0MxpYFvwg6yjy1NG3xteoqz644VCo/RPgnr1/GGt+ic3iJTzQ8Eu3TdM14SawnVUmGE6A==
  
  emoji-regex@^9.2.2:
    version "9.2.2"
    resolved "https://registry.npmjs.org/emoji-regex/-/emoji-regex-9.2.2.tgz"
    integrity sha512-L18DaJsXSUk2+42pv8mLs5jJT2hqFkFE4j21wOmgbUqsZ2hL72NsUU785g9RXgo3s0ZNgVl42TiHp3ZtOv/Vyg==
  
  engine.io-client@^6.5.3, engine.io-client@~6.5.2:
    version "6.5.3"
    resolved "https://registry.npmjs.org/engine.io-client/-/engine.io-client-6.5.3.tgz"
    integrity sha512-9Z0qLB0NIisTRt1DZ/8U2k12RJn8yls/nXMZLn+/N8hANT3TcYjKFKcwbw5zFQiN4NTde3TSY9zb79e1ij6j9Q==
    dependencies:
      "@socket.io/component-emitter" "~3.1.0"
      debug "~4.3.1"
      engine.io-parser "~5.2.1"
      ws "~8.11.0"
      xmlhttprequest-ssl "~2.0.0"
  
  engine.io-parser@^5.2.2, engine.io-parser@~5.2.1:
    version "5.2.2"
    resolved "https://registry.npmjs.org/engine.io-parser/-/engine.io-parser-5.2.2.tgz"
    integrity sha512-RcyUFKA93/CXH20l4SoVvzZfrSDMOTUS3bWVpTt2FuFP+XYrL8i8oonHP7WInRyVHXh0n/ORtoeiE1os+8qkSw==
  
  entities@^4.4.0, entities@^4.5.0:
    version "4.5.0"
    resolved "https://registry.npmjs.org/entities/-/entities-4.5.0.tgz"
    integrity sha512-V0hjH4dGPh9Ao5p0MoRY6BVqtwCjhz6vI5LT8AJ55H+4g9/4vbHx1I54fS0XuclLhDHArPQCiMjDxjaL8fPxhw==
  
  escape-string-regexp@^4.0.0:
    version "4.0.0"
    resolved "https://registry.npmjs.org/escape-string-regexp/-/escape-string-regexp-4.0.0.tgz"
    integrity sha512-TtpcNJ3XAzx3Gq8sWRzJaVajRs0uVxA2YAkdb1jm2YkPz4G6egUFAyA3n5vtEIZefPk5Wa4UXbKuS5fKkJWdgA==
  
  estree-walker@^2.0.2:
    version "2.0.2"
    resolved "https://registry.npmjs.org/estree-walker/-/estree-walker-2.0.2.tgz"
    integrity sha512-Rfkk/Mp/DL7JVje3u18FxFujQlTNR2q6QfMSMB7AvCBx91NGj/ba3kCfza0f6dVDbw7YlRf/nDrn7pQrCCyQ/w==
  
  fast-deep-equal@^3.1.3:
    version "3.1.3"
    resolved "https://registry.npmjs.org/fast-deep-equal/-/fast-deep-equal-3.1.3.tgz"
    integrity sha512-f3qQ9oQy9j2AhBe/H9VC91wLmKBCCU/gDOnKNAYG5hswO7BLKj09Hc5HYNz9cGI++xlpDCIgDaitVs03ATR84Q==
  
  fast-glob@^3.3.0:
    version "3.3.2"
    resolved "https://registry.npmjs.org/fast-glob/-/fast-glob-3.3.2.tgz"
    integrity sha512-oX2ruAFQwf/Orj8m737Y5adxDQO0LAB7/S5MnxCdTNDd4p6BsyIVsv9JQsATbTSq8KHRpLwIHbVlUNatxd+1Ow==
    dependencies:
      "@nodelib/fs.stat" "^2.0.2"
      "@nodelib/fs.walk" "^1.2.3"
      glob-parent "^5.1.2"
      merge2 "^1.3.0"
      micromatch "^4.0.4"
  
  fastq@^1.6.0:
    version "1.17.1"
    resolved "https://registry.npmjs.org/fastq/-/fastq-1.17.1.tgz"
    integrity sha512-sRVD3lWVIXWg6By68ZN7vho9a1pQcN/WBFaAAsDDFzlJjvoGx0P8z7V1t72grFJfJhu3YPZBuu25f7Kaw2jN1w==
    dependencies:
      reusify "^1.0.4"
  
  feather-icons@^4.28.0, feather-icons@^4.29.1:
    version "4.29.1"
    resolved "https://registry.npmjs.org/feather-icons/-/feather-icons-4.29.1.tgz"
    integrity sha512-P1we61haGTds6lKWe6CCVPsNULb8tHr1y6S9gXEpU+lNR1Ja7GdV0A1l2hTNmzXv+0Stix/3YMWMAn7n1Qtd6A==
    dependencies:
      classnames "^2.2.5"
      core-js "^3.1.3"
  
  fill-range@^7.0.1:
    version "7.0.1"
    resolved "https://registry.npmjs.org/fill-range/-/fill-range-7.0.1.tgz"
    integrity sha512-qOo9F+dMUmC2Lcb4BbVvnKJxTPjCm+RRpe4gDuGrzkL7mEVl/djYSu2OdQ2Pa302N4oqkSg9ir6jaLWJ2USVpQ==
    dependencies:
      to-regex-range "^5.0.1"
  
  foreground-child@^3.1.0:
    version "3.1.1"
    resolved "https://registry.npmjs.org/foreground-child/-/foreground-child-3.1.1.tgz"
    integrity sha512-TMKDUnIte6bfb5nWv7V/caI169OHgvwjb7V4WkeUvbQQdjr5rWKqHFiKWb/fcOwB+CzBT+qbWjvj+DVwRskpIg==
    dependencies:
      cross-spawn "^7.0.0"
      signal-exit "^4.0.1"
  
  frappe-ui@^0.1.31:
    version "0.1.31"
    resolved "https://registry.npmjs.org/frappe-ui/-/frappe-ui-0.1.31.tgz"
    integrity sha512-XvDCVcW0lVE0BfW7oosMF5vlRf0cwqltsjaJTU9PvlVq2W0UCP+IDSy30MSkzpJts0YY7BnKLGwq+hqiRIAbbA==
    dependencies:
      "@headlessui/vue" "^1.7.14"
      "@popperjs/core" "^2.11.2"
      "@tailwindcss/forms" "^0.5.3"
      "@tailwindcss/typography" "^0.5.0"
      "@tiptap/extension-color" "^2.0.3"
      "@tiptap/extension-highlight" "^2.0.3"
      "@tiptap/extension-image" "^2.0.3"
      "@tiptap/extension-link" "^2.0.3"
      "@tiptap/extension-mention" "^2.0.3"
      "@tiptap/extension-placeholder" "^2.0.3"
      "@tiptap/extension-table" "^2.0.3"
      "@tiptap/extension-table-cell" "^2.0.3"
      "@tiptap/extension-table-header" "^2.0.3"
      "@tiptap/extension-table-row" "^2.0.3"
      "@tiptap/extension-text-align" "^2.0.3"
      "@tiptap/extension-text-style" "^2.0.3"
      "@tiptap/extension-typography" "^2.0.3"
      "@tiptap/pm" "^2.0.3"
      "@tiptap/starter-kit" "^2.0.3"
      "@tiptap/suggestion" "^2.0.3"
      "@tiptap/vue-3" "^2.0.3"
      "@vueuse/core" "^10.4.1"
      feather-icons "^4.28.0"
      idb-keyval "^6.2.0"
      showdown "^2.1.0"
      socket.io-client "^4.5.1"
      tippy.js "^6.3.7"
  
  function-bind@^1.1.2:
    version "1.1.2"
    resolved "https://registry.npmjs.org/function-bind/-/function-bind-1.1.2.tgz"
    integrity sha512-7XHNxH7qX9xG5mIwxkhumTox/MIRNcOgDrxWsMt2pAr23WHp6MrRlN7FBSFpCpr+oVO0F744iUgR82nJMfG2SA==
  
  glob-parent@^5.1.2:
    version "5.1.2"
    resolved "https://registry.npmjs.org/glob-parent/-/glob-parent-5.1.2.tgz"
    integrity sha512-AOIgSQCepiJYwP3ARnGx+5VnTu2HBYdzbGP45eLw1vr3zB3vZLeyed1sC9hnbcOc9/SrMyM5RPQrkGz4aS9Zow==
    dependencies:
      is-glob "^4.0.1"
  
  glob-parent@^6.0.2:
    version "6.0.2"
    resolved "https://registry.npmjs.org/glob-parent/-/glob-parent-6.0.2.tgz"
    integrity sha512-XxwI8EOhVQgWp6iDL+3b0r86f4d6AX6zSU55HfB4ydCEuXLXc5FcYeOu+nnGftS4TEju/11rt4KJPTMgbfmv4A==
    dependencies:
      is-glob "^4.0.3"
  
  glob-parent@~5.1.2:
    version "5.1.2"
    resolved "https://registry.npmjs.org/glob-parent/-/glob-parent-5.1.2.tgz"
    integrity sha512-AOIgSQCepiJYwP3ARnGx+5VnTu2HBYdzbGP45eLw1vr3zB3vZLeyed1sC9hnbcOc9/SrMyM5RPQrkGz4aS9Zow==
    dependencies:
      is-glob "^4.0.1"
  
  glob@^10.3.10:
    version "10.3.10"
    resolved "https://registry.npmjs.org/glob/-/glob-10.3.10.tgz"
    integrity sha512-fa46+tv1Ak0UPK1TOy/pZrIybNNt4HCv7SDzwyfiOZkvZLEbjsZkJBPtDHVshZjbecAoAGSC20MjLDG/qr679g==
    dependencies:
      foreground-child "^3.1.0"
      jackspeak "^2.3.5"
      minimatch "^9.0.1"
      minipass "^5.0.0 || ^6.0.2 || ^7.0.0"
      path-scurry "^1.10.1"
  
  hasown@^2.0.0:
    version "2.0.1"
    resolved "https://registry.npmjs.org/hasown/-/hasown-2.0.1.tgz"
    integrity sha512-1/th4MHjnwncwXsIW6QMzlvYL9kG5e/CpVvLRZe4XPa8TOUNbCELqmvhDmnkNsAjwaG4+I8gJJL0JBvTTLO9qA==
    dependencies:
      function-bind "^1.1.2"
  
  idb-keyval@^6.2.0, idb-keyval@^6.2.1:
    version "6.2.1"
    resolved "https://registry.npmjs.org/idb-keyval/-/idb-keyval-6.2.1.tgz"
    integrity sha512-8Sb3veuYCyrZL+VBt9LJfZjLUPWVvqn8tG28VqYNFCo43KHcKuq+b4EiXGeuaLAQWL2YmyDgMp2aSpH9JHsEQg==
  
  ionicons@^7.0.0, ionicons@^7.2.2:
    version "7.2.2"
    resolved "https://registry.npmjs.org/ionicons/-/ionicons-7.2.2.tgz"
    integrity sha512-I3iYIfc9Q9FRifWyFSwTAvbEABWlWY32i0sAVDDPGYnaIZVugkLCZFbEcrphW6ixVPg8tt1oLwalo/JJwbEqnA==
    dependencies:
      "@stencil/core" "^4.0.3"
  
  is-binary-path@~2.1.0:
    version "2.1.0"
    resolved "https://registry.npmjs.org/is-binary-path/-/is-binary-path-2.1.0.tgz"
    integrity sha512-ZMERYes6pDydyuGidse7OsHxtbI7WVeUEozgR/g7rd0xUimYNlvZRE/K2MgZTjWy725IfelLeVcEM97mmtRGXw==
    dependencies:
      binary-extensions "^2.0.0"
  
  is-core-module@^2.13.0:
    version "2.13.1"
    resolved "https://registry.npmjs.org/is-core-module/-/is-core-module-2.13.1.tgz"
    integrity sha512-hHrIjvZsftOsvKSn2TRYl63zvxsgE0K+0mYMoH6gD4omR5IWB2KynivBQczo3+wF1cCkjzvptnI9Q0sPU66ilw==
    dependencies:
      hasown "^2.0.0"
  
  is-extendable@^1.0.0, is-extendable@^1.0.1:
    version "1.0.1"
    resolved "https://registry.npmjs.org/is-extendable/-/is-extendable-1.0.1.tgz"
    integrity sha512-arnXMxT1hhoKo9k1LZdmlNyJdDDfy2v0fXjFlmok4+i8ul/6WlbVge9bhM74OpNPQPMGUToDtz+KXa1PneJxOA==
    dependencies:
      is-plain-object "^2.0.4"
  
  is-extglob@^2.1.1:
    version "2.1.1"
    resolved "https://registry.npmjs.org/is-extglob/-/is-extglob-2.1.1.tgz"
    integrity sha512-SbKbANkN603Vi4jEZv49LeVJMn4yGwsbzZworEoyEiutsN3nJYdbO36zfhGJ6QEDpOZIFkDtnq5JRxmvl3jsoQ==
  
  is-fullwidth-code-point@^3.0.0:
    version "3.0.0"
    resolved "https://registry.npmjs.org/is-fullwidth-code-point/-/is-fullwidth-code-point-3.0.0.tgz"
    integrity sha512-zymm5+u+sCsSWyD9qNaejV3DFvhCKclKdizYaJUuHA83RLjb7nSuGnddCHGv0hk+KY7BMAlsWeK4Ueg6EV6XQg==
  
  is-glob@^4.0.1, is-glob@^4.0.3, is-glob@~4.0.1:
    version "4.0.3"
    resolved "https://registry.npmjs.org/is-glob/-/is-glob-4.0.3.tgz"
    integrity sha512-xelSayHH36ZgE7ZWhli7pW34hNbNl8Ojv5KVmkJD4hBdD3th8Tfk9vYasLM+mXWOZhFkgZfxhLSnrwRr4elSSg==
    dependencies:
      is-extglob "^2.1.1"
  
  is-number@^7.0.0:
    version "7.0.0"
    resolved "https://registry.npmjs.org/is-number/-/is-number-7.0.0.tgz"
    integrity sha512-41Cifkg6e8TylSpdtTpeLVMqvSBEVzTttHvERD741+pnZ8ANv0004MRL43QKPDlK9cGvNp6NZWZUBlbGXYxxng==
  
  is-plain-object@^2.0.4:
    version "2.0.4"
    resolved "https://registry.npmjs.org/is-plain-object/-/is-plain-object-2.0.4.tgz"
    integrity sha512-h5PpgXkWitc38BBMYawTYMWJHFZJVnBquFE57xFpjB8pJFiF6gZ+bU+WyI/yqXiFR5mdLsgYNaPe8uao6Uv9Og==
    dependencies:
      isobject "^3.0.1"
  
  isexe@^2.0.0:
    version "2.0.0"
    resolved "https://registry.npmjs.org/isexe/-/isexe-2.0.0.tgz"
    integrity sha512-RHxMLp9lnKHGHRng9QFhRCMbYAcVpn69smSGcq3f36xjgVVWThj4qqLbTLlq7Ssj8B+fIQ1EuCEGI2lKsyQeIw==
  
  isobject@^3.0.1:
    version "3.0.1"
    resolved "https://registry.npmjs.org/isobject/-/isobject-3.0.1.tgz"
    integrity sha512-WhB9zCku7EGTj/HQQRz5aUQEUeoQZH2bWcltRErOpymJ4boYE6wL9Tbr23krRPSZ+C5zqNSrSw+Cc7sZZ4b7vg==
  
  jackspeak@^2.3.5:
    version "2.3.6"
    resolved "https://registry.npmjs.org/jackspeak/-/jackspeak-2.3.6.tgz"
    integrity sha512-N3yCS/NegsOBokc8GAdM8UcmfsKiSS8cipheD/nivzr700H+nsMOxJjQnvwOcRYVuFkdH0wGUvW2WbXGmrZGbQ==
    dependencies:
      "@isaacs/cliui" "^8.0.2"
    optionalDependencies:
      "@pkgjs/parseargs" "^0.11.0"
  
  jiti@^1.19.1:
    version "1.21.0"
    resolved "https://registry.npmjs.org/jiti/-/jiti-1.21.0.tgz"
    integrity sha512-gFqAIbuKyyso/3G2qhiO2OM6shY6EPP/R0+mkDbyspxKazh8BXDC5FiFsUjlczgdNz/vfra0da2y+aHrusLG/Q==
  
  lilconfig@^2.1.0:
    version "2.1.0"
    resolved "https://registry.npmjs.org/lilconfig/-/lilconfig-2.1.0.tgz"
    integrity sha512-utWOt/GHzuUxnLKxB6dk81RoOeoNeHgbrXiuGk4yyF5qlRz+iIVWu56E2fqGHFrXz0QNUhLB/8nKqvRH66JKGQ==
  
  lilconfig@^3.0.0:
    version "3.1.1"
    resolved "https://registry.npmjs.org/lilconfig/-/lilconfig-3.1.1.tgz"
    integrity sha512-O18pf7nyvHTckunPWCV1XUNXU1piu01y2b7ATJ0ppkUkk8ocqVWBrYjJBCwHDjD/ZWcfyrA0P4gKhzWGi5EINQ==
  
  lines-and-columns@^1.1.6:
    version "1.2.4"
    resolved "https://registry.npmjs.org/lines-and-columns/-/lines-and-columns-1.2.4.tgz"
    integrity sha512-7ylylesZQ/PV29jhEDl3Ufjo6ZX7gCqJr5F7PKrqc93v7fzSymt1BpwEU8nAUXs8qzzvqhbjhK5QZg6Mt/HkBg==
  
  linkify-it@^5.0.0:
    version "5.0.0"
    resolved "https://registry.npmjs.org/linkify-it/-/linkify-it-5.0.0.tgz"
    integrity sha512-5aHCbzQRADcdP+ATqnDuhhJ/MRIqDkZX5pyjFHRRysS8vZ5AbqGEoFIb6pYHPZ+L/OC2Lc+xT8uHVVR5CAK/wQ==
    dependencies:
      uc.micro "^2.0.0"
  
  linkifyjs@^4.1.0, linkifyjs@^4.1.3:
    version "4.1.3"
    resolved "https://registry.npmjs.org/linkifyjs/-/linkifyjs-4.1.3.tgz"
    integrity sha512-auMesunaJ8yfkHvK4gfg1K0SaKX/6Wn9g2Aac/NwX+l5VdmFZzo/hdPGxEOETj+ryRa4/fiOPjeeKURSAJx1sg==
  
  lodash.castarray@^4.4.0:
    version "4.4.0"
    resolved "https://registry.npmjs.org/lodash.castarray/-/lodash.castarray-4.4.0.tgz"
    integrity sha512-aVx8ztPv7/2ULbArGJ2Y42bG1mEQ5mGjpdvrbJcJFU3TbYybe+QlLS4pst9zV52ymy2in1KpFPiZnAOATxD4+Q==
  
  lodash.isplainobject@^4.0.6:
    version "4.0.6"
    resolved "https://registry.npmjs.org/lodash.isplainobject/-/lodash.isplainobject-4.0.6.tgz"
    integrity sha512-oSXzaWypCMHkPC3NvBEaPHf0KsA5mvPrOPgQWDsbg8n7orZ290M0BmC/jgRZ4vcJ6DTAhjrsSYgdsW/F+MFOBA==
  
  lodash.merge@^4.6.2:
    version "4.6.2"
    resolved "https://registry.npmjs.org/lodash.merge/-/lodash.merge-4.6.2.tgz"
    integrity sha512-0KpjqXRVvrYyCsX1swR/XTK0va6VQkQM6MNo7PqW77ByjAhoARA8EfrP1N4+KlKj8YS0ZUCtRT/YUuhyYDujIQ==
  
  "lru-cache@^9.1.1 || ^10.0.0":
    version "10.2.0"
    resolved "https://registry.npmjs.org/lru-cache/-/lru-cache-10.2.0.tgz"
    integrity sha512-2bIM8x+VAf6JT4bKAljS1qUWgMsqZRPGJS6FSahIMPVvctcNhyVp7AJu7quxOW9jwkryBReKZY5tY5JYv2n/7Q==
  
  magic-string@^0.30.7:
    version "0.30.7"
    resolved "https://registry.npmjs.org/magic-string/-/magic-string-0.30.7.tgz"
    integrity sha512-8vBuFF/I/+OSLRmdf2wwFCJCz+nSn0m6DPvGH1fS/KiQoSaR+sETbov0eIk9KhEKy8CYqIkIAnbohxT/4H0kuA==
    dependencies:
      "@jridgewell/sourcemap-codec" "^1.4.15"
  
  make-error@^1.3.6:
    version "1.3.6"
    resolved "https://registry.npmjs.org/make-error/-/make-error-1.3.6.tgz"
    integrity sha512-s8UhlNe7vPKomQhC1qFelMokr/Sc3AgNbso3n74mVPA5LTZwkB9NlXf4XPamLxJE8h0gh73rM94xvwRT2CVInw==
  
  markdown-it@^14.0.0:
    version "14.0.0"
    resolved "https://registry.npmjs.org/markdown-it/-/markdown-it-14.0.0.tgz"
    integrity sha512-seFjF0FIcPt4P9U39Bq1JYblX0KZCjDLFFQPHpL5AzHpqPEKtosxmdq/LTVZnjfH7tjt9BxStm+wXcDBNuYmzw==
    dependencies:
      argparse "^2.0.1"
      entities "^4.4.0"
      linkify-it "^5.0.0"
      mdurl "^2.0.0"
      punycode.js "^2.3.1"
      uc.micro "^2.0.0"
  
  mdurl@^2.0.0:
    version "2.0.0"
    resolved "https://registry.npmjs.org/mdurl/-/mdurl-2.0.0.tgz"
    integrity sha512-Lf+9+2r+Tdp5wXDXC4PcIBjTDtq4UKjCPMQhKIuzpJNW0b96kVqSwW0bT7FhRSfmAiFYgP+SCRvdrDozfh0U5w==
  
  merge2@^1.3.0:
    version "1.4.1"
    resolved "https://registry.npmjs.org/merge2/-/merge2-1.4.1.tgz"
    integrity sha512-8q7VEgMJW4J8tcfVPy8g09NcQwZdbwFEqhe/WZkoIzjn/3TGDwtOCYtXGxA3O8tPzpczCCDgv+P2P5y00ZJOOg==
  
  micromatch@^4.0.4, micromatch@^4.0.5:
    version "4.0.5"
    resolved "https://registry.npmjs.org/micromatch/-/micromatch-4.0.5.tgz"
    integrity sha512-DMy+ERcEW2q8Z2Po+WNXuw3c5YaUSFjAO5GsJqfEl7UjvtIuFKO6ZrKvcItdy98dwFI2N1tg3zNIdKaQT+aNdA==
    dependencies:
      braces "^3.0.2"
      picomatch "^2.3.1"
  
  mini-svg-data-uri@^1.2.3, mini-svg-data-uri@^1.4.4:
    version "1.4.4"
    resolved "https://registry.npmjs.org/mini-svg-data-uri/-/mini-svg-data-uri-1.4.4.tgz"
    integrity sha512-r9deDe9p5FJUPZAk3A59wGH7Ii9YrjjWw0jmw/liSbHl2CHiyXj6FcDXDu2K3TjVAXqiJdaw3xxwlZZr9E6nHg==
  
  minimatch@^9.0.1:
    version "9.0.3"
    resolved "https://registry.npmjs.org/minimatch/-/minimatch-9.0.3.tgz"
    integrity sha512-RHiac9mvaRw0x3AYRgDC1CxAP7HTcNrrECeA8YYJeWnpo+2Q5CegtZjaotWTWxDG3UeGA1coE05iH1mPjT/2mg==
    dependencies:
      brace-expansion "^2.0.1"
  
  "minipass@^5.0.0 || ^6.0.2 || ^7.0.0":
    version "7.0.4"
    resolved "https://registry.npmjs.org/minipass/-/minipass-7.0.4.tgz"
    integrity sha512-jYofLM5Dam9279rdkWzqHozUo4ybjdZmCsDHePy5V/PbBcVMiSZR97gmAy45aqi8CK1lG2ECd356FU86avfwUQ==
  
  ms@^2.1.2, ms@2.1.2:
    version "2.1.2"
    resolved "https://registry.npmjs.org/ms/-/ms-2.1.2.tgz"
    integrity sha512-sGkPx+VjMtmA6MX27oA4FBFELFCZZ4S4XqeGOXCv68tT+jb3vk/RyaKWP0PTKyWtmLSM0b+adUTEvbs1PEaH2w==
  
  mz@^2.7.0:
    version "2.7.0"
    resolved "https://registry.npmjs.org/mz/-/mz-2.7.0.tgz"
    integrity sha512-z81GNO7nnYMEhrGh9LeymoE4+Yr0Wn5McHIZMK5cfQCl+NDX08sCZgUc9/6MHni9IWuFLm1Z3HTCXu2z9fN62Q==
    dependencies:
      any-promise "^1.0.0"
      object-assign "^4.0.1"
      thenify-all "^1.0.0"
  
  nanoid@^3.3.7:
    version "3.3.7"
    resolved "https://registry.npmjs.org/nanoid/-/nanoid-3.3.7.tgz"
    integrity sha512-eSRppjcPIatRIMC1U6UngP8XFcz8MQWGQdt1MTBQ7NaAmvXDfvNxbvWV3x2y6CdEUciCSsDHDQZbhYaB8QEo2g==
  
  normalize-path@^3.0.0, normalize-path@~3.0.0:
    version "3.0.0"
    resolved "https://registry.npmjs.org/normalize-path/-/normalize-path-3.0.0.tgz"
    integrity sha512-6eZs5Ls3WtCisHWp9S2GUy8dqkpGi4BVSz3GaqiE6ezub0512ESztXUwUB6C6IKbQkY2Pnb/mD4WYojCRwcwLA==
  
  object-assign@^4.0.1:
    version "4.1.1"
    resolved "https://registry.npmjs.org/object-assign/-/object-assign-4.1.1.tgz"
    integrity sha512-rJgTQnkUnH1sFw8yT6VSU3zD3sWmu6sZhIseY8VX+GRu3P6F7Fu+JNDoXfklElbLJSnc3FUQHVe4cU5hj+BcUg==
  
  object-hash@^3.0.0:
    version "3.0.0"
    resolved "https://registry.npmjs.org/object-hash/-/object-hash-3.0.0.tgz"
    integrity sha512-RSn9F68PjH9HqtltsSnqYC1XXoWe9Bju5+213R98cNGttag9q9yAOTzdbsqvIa7aNm5WffBZFpWYr2aWrklWAw==
  
  object.omit@^3.0.0:
    version "3.0.0"
    resolved "https://registry.npmjs.org/object.omit/-/object.omit-3.0.0.tgz"
    integrity sha512-EO+BCv6LJfu+gBIF3ggLicFebFLN5zqzz/WWJlMFfkMyGth+oBkhxzDl0wx2W4GkLzuQs/FsSkXZb2IMWQqmBQ==
    dependencies:
      is-extendable "^1.0.0"
  
  object.pick@^1.3.0:
    version "1.3.0"
    resolved "https://registry.npmjs.org/object.pick/-/object.pick-1.3.0.tgz"
    integrity sha512-tqa/UMy/CCoYmj+H5qc07qvSL9dqcs/WZENZ1JbtWBlATP+iVOe778gE6MSijnyCnORzDuX6hU+LA4SZ09YjFQ==
    dependencies:
      isobject "^3.0.1"
  
  orderedmap@^2.0.0, orderedmap@^2.1.1:
    version "2.1.1"
    resolved "https://registry.npmjs.org/orderedmap/-/orderedmap-2.1.1.tgz"
    integrity sha512-TvAWxi0nDe1j/rtMcWcIj94+Ffe6n7zhow33h40SKxmsmozs6dz/e+EajymfoFcHd7sxNn8yHM8839uixMOV6g==
  
  path-key@^3.1.0:
    version "3.1.1"
    resolved "https://registry.npmjs.org/path-key/-/path-key-3.1.1.tgz"
    integrity sha512-ojmeN0qd+y0jszEtoY48r0Peq5dwMEkIlCOu6Q5f41lfkswXuKtYrhgoTpLnyIcHm24Uhqx+5Tqm2InSwLhE6Q==
  
  path-parse@^1.0.7:
    version "1.0.7"
    resolved "https://registry.npmjs.org/path-parse/-/path-parse-1.0.7.tgz"
    integrity sha512-LDJzPVEEEPR+y48z93A0Ed0yXb8pAByGWo/k5YYdYgpY2/2EsOsksJrq7lOHxryrVOn1ejG6oAp8ahvOIQD8sw==
  
  path-scurry@^1.10.1:
    version "1.10.1"
    resolved "https://registry.npmjs.org/path-scurry/-/path-scurry-1.10.1.tgz"
    integrity sha512-MkhCqzzBEpPvxxQ71Md0b1Kk51W01lrYvlMzSUaIzNsODdd7mqhiimSZlr+VegAz5Z6Vzt9Xg2ttE//XBhH3EQ==
    dependencies:
      lru-cache "^9.1.1 || ^10.0.0"
      minipass "^5.0.0 || ^6.0.2 || ^7.0.0"
  
  picocolors@^1.0.0:
    version "1.0.0"
    resolved "https://registry.npmjs.org/picocolors/-/picocolors-1.0.0.tgz"
    integrity sha512-1fygroTLlHu66zi26VoTDv8yRgm0Fccecssto+MhsZ0D/DGW2sm8E8AjW7NU5VVTRt5GxbeZ5qBuJr+HyLYkjQ==
  
  picomatch@^2.0.4, picomatch@^2.2.1, picomatch@^2.3.1:
    version "2.3.1"
    resolved "https://registry.npmjs.org/picomatch/-/picomatch-2.3.1.tgz"
    integrity sha512-JU3teHTNjmE2VCGFzuY8EXzCDVwEqB2a8fsIvwaStHhAWJEeVd1o1QD80CU6+ZdEXXSLbSsuLwJjkCBWqRQUVA==
  
  pify@^2.3.0:
    version "2.3.0"
    resolved "https://registry.npmjs.org/pify/-/pify-2.3.0.tgz"
    integrity sha512-udgsAY+fTnvv7kI7aaxbqwWNb0AHiB0qBO89PZKPkoTmGOgdbrHDKD+0B2X4uTfJ/FT1R09r9gTsjUjNJotuog==
  
  pirates@^4.0.1:
    version "4.0.6"
    resolved "https://registry.npmjs.org/pirates/-/pirates-4.0.6.tgz"
    integrity sha512-saLsH7WeYYPiD25LDuLRRY/i+6HaPYr6G1OUlN39otzkSTxKnubR9RTxS3/Kk50s1g2JTgFwWQDQyplC5/SHZg==
  
  postcss-import@^15.1.0:
    version "15.1.0"
    resolved "https://registry.npmjs.org/postcss-import/-/postcss-import-15.1.0.tgz"
    integrity sha512-hpr+J05B2FVYUAXHeK1YyI267J/dDDhMU6B6civm8hSY1jYJnBXxzKDKDswzJmtLHryrjhnDjqqp/49t8FALew==
    dependencies:
      postcss-value-parser "^4.0.0"
      read-cache "^1.0.0"
      resolve "^1.1.7"
  
  postcss-js@^4.0.1:
    version "4.0.1"
    resolved "https://registry.npmjs.org/postcss-js/-/postcss-js-4.0.1.tgz"
    integrity sha512-dDLF8pEO191hJMtlHFPRa8xsizHaM82MLfNkUHdUtVEV3tgTp5oj+8qbEqYM57SLfc74KSbw//4SeJma2LRVIw==
    dependencies:
      camelcase-css "^2.0.1"
  
  postcss-load-config@^4.0.1:
    version "4.0.2"
    resolved "https://registry.npmjs.org/postcss-load-config/-/postcss-load-config-4.0.2.tgz"
    integrity sha512-bSVhyJGL00wMVoPUzAVAnbEoWyqRxkjv64tUl427SKnPrENtq6hJwUojroMz2VB+Q1edmi4IfrAPpami5VVgMQ==
    dependencies:
      lilconfig "^3.0.0"
      yaml "^2.3.4"
  
  postcss-nested@^6.0.1:
    version "6.0.1"
    resolved "https://registry.npmjs.org/postcss-nested/-/postcss-nested-6.0.1.tgz"
    integrity sha512-mEp4xPMi5bSWiMbsgoPfcP74lsWLHkQbZc3sY+jWYd65CUwXrUaTp0fmNpa01ZcETKlIgUdFN/MpS2xZtqL9dQ==
    dependencies:
      postcss-selector-parser "^6.0.11"
  
  postcss-selector-parser@^6.0.10, postcss-selector-parser@6.0.10:
    version "6.0.10"
    resolved "https://registry.npmjs.org/postcss-selector-parser/-/postcss-selector-parser-6.0.10.tgz"
    integrity sha512-IQ7TZdoaqbT+LCpShg46jnZVlhWD2w6iQYAcYXfHARZ7X1t/UGhhceQDs5X0cGqKvYlHNOuv7Oa1xmb0oQuA3w==
    dependencies:
      cssesc "^3.0.0"
      util-deprecate "^1.0.2"
  
  postcss-selector-parser@^6.0.11:
    version "6.0.15"
    resolved "https://registry.npmjs.org/postcss-selector-parser/-/postcss-selector-parser-6.0.15.tgz"
    integrity sha512-rEYkQOMUCEMhsKbK66tbEU9QVIxbhN18YiniAwA7XQYTVBqrBy+P2p5JcdqsHgKM2zWylp8d7J6eszocfds5Sw==
    dependencies:
      cssesc "^3.0.0"
      util-deprecate "^1.0.2"
  
  postcss-value-parser@^4.0.0:
    version "4.2.0"
    resolved "https://registry.npmjs.org/postcss-value-parser/-/postcss-value-parser-4.2.0.tgz"
    integrity sha512-1NNCs6uurfkVbeXG4S8JFT9t19m45ICnif8zWLd5oPSZ50QnwMfK+H3jv408d4jw/7Bttv5axS5IiHoLaVNHeQ==
  
  postcss@^8.0.0, postcss@^8.2.14, postcss@^8.4.21, postcss@^8.4.23, postcss@^8.4.35, postcss@>=8.0.9:
    version "8.4.35"
    resolved "https://registry.npmjs.org/postcss/-/postcss-8.4.35.tgz"
    integrity sha512-u5U8qYpBCpN13BsiEB0CbR1Hhh4Gc0zLFuedrHJKMctHCHAGrMdG0PRM/KErzAL3CU6/eckEtmHNB3x6e3c0vA==
    dependencies:
      nanoid "^3.3.7"
      picocolors "^1.0.0"
      source-map-js "^1.0.2"
  
  prosemirror-changeset@^2.2.1:
    version "2.2.1"
    resolved "https://registry.npmjs.org/prosemirror-changeset/-/prosemirror-changeset-2.2.1.tgz"
    integrity sha512-J7msc6wbxB4ekDFj+n9gTW/jav/p53kdlivvuppHsrZXCaQdVgRghoZbSS3kwrRyAstRVQ4/+u5k7YfLgkkQvQ==
    dependencies:
      prosemirror-transform "^1.0.0"
  
  prosemirror-collab@^1.3.1:
    version "1.3.1"
    resolved "https://registry.npmjs.org/prosemirror-collab/-/prosemirror-collab-1.3.1.tgz"
    integrity sha512-4SnynYR9TTYaQVXd/ieUvsVV4PDMBzrq2xPUWutHivDuOshZXqQ5rGbZM84HEaXKbLdItse7weMGOUdDVcLKEQ==
    dependencies:
      prosemirror-state "^1.0.0"
  
  prosemirror-commands@^1.0.0, prosemirror-commands@^1.5.2:
    version "1.5.2"
    resolved "https://registry.npmjs.org/prosemirror-commands/-/prosemirror-commands-1.5.2.tgz"
    integrity sha512-hgLcPaakxH8tu6YvVAaILV2tXYsW3rAdDR8WNkeKGcgeMVQg3/TMhPdVoh7iAmfgVjZGtcOSjKiQaoeKjzd2mQ==
    dependencies:
      prosemirror-model "^1.0.0"
      prosemirror-state "^1.0.0"
      prosemirror-transform "^1.0.0"
  
  prosemirror-dropcursor@^1.8.1:
    version "1.8.1"
    resolved "https://registry.npmjs.org/prosemirror-dropcursor/-/prosemirror-dropcursor-1.8.1.tgz"
    integrity sha512-M30WJdJZLyXHi3N8vxN6Zh5O8ZBbQCz0gURTfPmTIBNQ5pxrdU7A58QkNqfa98YEjSAL1HUyyU34f6Pm5xBSGw==
    dependencies:
      prosemirror-state "^1.0.0"
      prosemirror-transform "^1.1.0"
      prosemirror-view "^1.1.0"
  
  prosemirror-gapcursor@^1.3.2:
    version "1.3.2"
    resolved "https://registry.npmjs.org/prosemirror-gapcursor/-/prosemirror-gapcursor-1.3.2.tgz"
    integrity sha512-wtjswVBd2vaQRrnYZaBCbyDqr232Ed4p2QPtRIUK5FuqHYKGWkEwl08oQM4Tw7DOR0FsasARV5uJFvMZWxdNxQ==
    dependencies:
      prosemirror-keymap "^1.0.0"
      prosemirror-model "^1.0.0"
      prosemirror-state "^1.0.0"
      prosemirror-view "^1.0.0"
  
  prosemirror-history@^1.0.0, prosemirror-history@^1.3.2:
    version "1.3.2"
    resolved "https://registry.npmjs.org/prosemirror-history/-/prosemirror-history-1.3.2.tgz"
    integrity sha512-/zm0XoU/N/+u7i5zepjmZAEnpvjDtzoPWW6VmKptcAnPadN/SStsBjMImdCEbb3seiNTpveziPTIrXQbHLtU1g==
    dependencies:
      prosemirror-state "^1.2.2"
      prosemirror-transform "^1.0.0"
      prosemirror-view "^1.31.0"
      rope-sequence "^1.3.0"
  
  prosemirror-inputrules@^1.3.0, prosemirror-inputrules@^1.4.0:
    version "1.4.0"
    resolved "https://registry.npmjs.org/prosemirror-inputrules/-/prosemirror-inputrules-1.4.0.tgz"
    integrity sha512-6ygpPRuTJ2lcOXs9JkefieMst63wVJBgHZGl5QOytN7oSZs3Co/BYbc3Yx9zm9H37Bxw8kVzCnDsihsVsL4yEg==
    dependencies:
      prosemirror-state "^1.0.0"
      prosemirror-transform "^1.0.0"
  
  prosemirror-keymap@^1.0.0, prosemirror-keymap@^1.1.2, prosemirror-keymap@^1.2.2:
    version "1.2.2"
    resolved "https://registry.npmjs.org/prosemirror-keymap/-/prosemirror-keymap-1.2.2.tgz"
    integrity sha512-EAlXoksqC6Vbocqc0GtzCruZEzYgrn+iiGnNjsJsH4mrnIGex4qbLdWWNza3AW5W36ZRrlBID0eM6bdKH4OStQ==
    dependencies:
      prosemirror-state "^1.0.0"
      w3c-keyname "^2.2.0"
  
  prosemirror-markdown@^1.12.0:
    version "1.12.0"
    resolved "https://registry.npmjs.org/prosemirror-markdown/-/prosemirror-markdown-1.12.0.tgz"
    integrity sha512-6F5HS8Z0HDYiS2VQDZzfZP6A0s/I0gbkJy8NCzzDMtcsz3qrfqyroMMeoSjAmOhDITyon11NbXSzztfKi+frSQ==
    dependencies:
      markdown-it "^14.0.0"
      prosemirror-model "^1.0.0"
  
  prosemirror-menu@^1.2.4:
    version "1.2.4"
    resolved "https://registry.npmjs.org/prosemirror-menu/-/prosemirror-menu-1.2.4.tgz"
    integrity sha512-S/bXlc0ODQup6aiBbWVsX/eM+xJgCTAfMq/nLqaO5ID/am4wS0tTCIkzwytmao7ypEtjj39i7YbJjAgO20mIqA==
    dependencies:
      crelt "^1.0.0"
      prosemirror-commands "^1.0.0"
      prosemirror-history "^1.0.0"
      prosemirror-state "^1.0.0"
  
  prosemirror-model@^1.0.0, prosemirror-model@^1.16.0, prosemirror-model@^1.19.0, prosemirror-model@^1.19.4, prosemirror-model@^1.8.1:
    version "1.19.4"
    resolved "https://registry.npmjs.org/prosemirror-model/-/prosemirror-model-1.19.4.tgz"
    integrity sha512-RPmVXxUfOhyFdayHawjuZCxiROsm9L4FCUA6pWI+l7n2yCBsWy9VpdE1hpDHUS8Vad661YLY9AzqfjLhAKQ4iQ==
    dependencies:
      orderedmap "^2.0.0"
  
  prosemirror-schema-basic@^1.2.2:
    version "1.2.2"
    resolved "https://registry.npmjs.org/prosemirror-schema-basic/-/prosemirror-schema-basic-1.2.2.tgz"
    integrity sha512-/dT4JFEGyO7QnNTe9UaKUhjDXbTNkiWTq/N4VpKaF79bBjSExVV2NXmJpcM7z/gD7mbqNjxbmWW5nf1iNSSGnw==
    dependencies:
      prosemirror-model "^1.19.0"
  
  prosemirror-schema-list@^1.3.0:
    version "1.3.0"
    resolved "https://registry.npmjs.org/prosemirror-schema-list/-/prosemirror-schema-list-1.3.0.tgz"
    integrity sha512-Hz/7gM4skaaYfRPNgr421CU4GSwotmEwBVvJh5ltGiffUJwm7C8GfN/Bc6DR1EKEp5pDKhODmdXXyi9uIsZl5A==
    dependencies:
      prosemirror-model "^1.0.0"
      prosemirror-state "^1.0.0"
      prosemirror-transform "^1.7.3"
  
  prosemirror-state@^1.0.0, prosemirror-state@^1.2.2, prosemirror-state@^1.3.1, prosemirror-state@^1.4.2, prosemirror-state@^1.4.3:
    version "1.4.3"
    resolved "https://registry.npmjs.org/prosemirror-state/-/prosemirror-state-1.4.3.tgz"
    integrity sha512-goFKORVbvPuAQaXhpbemJFRKJ2aixr+AZMGiquiqKxaucC6hlpHNZHWgz5R7dS4roHiwq9vDctE//CZ++o0W1Q==
    dependencies:
      prosemirror-model "^1.0.0"
      prosemirror-transform "^1.0.0"
      prosemirror-view "^1.27.0"
  
  prosemirror-tables@^1.3.5:
    version "1.3.5"
    resolved "https://registry.npmjs.org/prosemirror-tables/-/prosemirror-tables-1.3.5.tgz"
    integrity sha512-JSZ2cCNlApu/ObAhdPyotrjBe2cimniniTpz60YXzbL0kZ+47nEYk2LWbfKU2lKpBkUNquta2PjteoNi4YCluQ==
    dependencies:
      prosemirror-keymap "^1.1.2"
      prosemirror-model "^1.8.1"
      prosemirror-state "^1.3.1"
      prosemirror-transform "^1.2.1"
      prosemirror-view "^1.13.3"
  
  prosemirror-trailing-node@^2.0.7:
    version "2.0.7"
    resolved "https://registry.npmjs.org/prosemirror-trailing-node/-/prosemirror-trailing-node-2.0.7.tgz"
    integrity sha512-8zcZORYj/8WEwsGo6yVCRXFMOfBo0Ub3hCUvmoWIZYfMP26WqENU0mpEP27w7mt8buZWuGrydBewr0tOArPb1Q==
    dependencies:
      "@remirror/core-constants" "^2.0.2"
      "@remirror/core-helpers" "^3.0.0"
      escape-string-regexp "^4.0.0"
  
  prosemirror-transform@^1.0.0, prosemirror-transform@^1.1.0, prosemirror-transform@^1.2.1, prosemirror-transform@^1.7.3, prosemirror-transform@^1.8.0:
    version "1.8.0"
    resolved "https://registry.npmjs.org/prosemirror-transform/-/prosemirror-transform-1.8.0.tgz"
    integrity sha512-BaSBsIMv52F1BVVMvOmp1yzD3u65uC3HTzCBQV1WDPqJRQ2LuHKcyfn0jwqodo8sR9vVzMzZyI+Dal5W9E6a9A==
    dependencies:
      prosemirror-model "^1.0.0"
  
  prosemirror-view@^1.0.0, prosemirror-view@^1.1.0, prosemirror-view@^1.13.3, prosemirror-view@^1.27.0, prosemirror-view@^1.31.0, prosemirror-view@^1.31.2, prosemirror-view@^1.32.7, prosemirror-view@^1.33.1:
    version "1.33.1"
    resolved "https://registry.npmjs.org/prosemirror-view/-/prosemirror-view-1.33.1.tgz"
    integrity sha512-62qkYgSJIkwIMMCpuGuPzc52DiK1Iod6TWoIMxP4ja6BTD4yO8kCUL64PZ/WhH/dJ9fW0CDO39FhH1EMyhUFEg==
    dependencies:
      prosemirror-model "^1.16.0"
      prosemirror-state "^1.0.0"
      prosemirror-transform "^1.1.0"
  
  punycode.js@^2.3.1:
    version "2.3.1"
    resolved "https://registry.npmjs.org/punycode.js/-/punycode.js-2.3.1.tgz"
    integrity sha512-uxFIHU0YlHYhDQtV4R9J6a52SLx28BCjT+4ieh7IGbgwVJWO+km431c4yRlREUAsAmt/uMjQUyQHNEPf0M39CA==
  
  queue-microtask@^1.2.2:
    version "1.2.3"
    resolved "https://registry.npmjs.org/queue-microtask/-/queue-microtask-1.2.3.tgz"
    integrity sha512-NuaNSa6flKT5JaSYQzJok04JzTL1CA6aGhv5rfLW3PgqA+M2ChpZQnAC8h8i4ZFkBS8X5RqkDBHA7r4hej3K9A==
  
  read-cache@^1.0.0:
    version "1.0.0"
    resolved "https://registry.npmjs.org/read-cache/-/read-cache-1.0.0.tgz"
    integrity sha512-Owdv/Ft7IjOgm/i0xvNDZ1LrRANRfew4b2prF3OWMQLxLfu3bS8FVhCsrSCMK4lR56Y9ya+AThoTpDCTxCmpRA==
    dependencies:
      pify "^2.3.0"
  
  readdirp@~3.6.0:
    version "3.6.0"
    resolved "https://registry.npmjs.org/readdirp/-/readdirp-3.6.0.tgz"
    integrity sha512-hOS089on8RduqdbhvQ5Z37A0ESjsqz6qnRcffsMU3495FuTdqSm+7bhJ29JvIOsBDEEnan5DPu9t3To9VRlMzA==
    dependencies:
      picomatch "^2.2.1"
  
  resolve@^1.1.7, resolve@^1.22.2:
    version "1.22.8"
    resolved "https://registry.npmjs.org/resolve/-/resolve-1.22.8.tgz"
    integrity sha512-oKWePCxqpd6FlLvGV1VU0x7bkPmmCNolxzjMf4NczoDnQcIWrAF+cPtZn5i6n+RfD2d9i0tzpKnG6Yk168yIyw==
    dependencies:
      is-core-module "^2.13.0"
      path-parse "^1.0.7"
      supports-preserve-symlinks-flag "^1.0.0"
  
  reusify@^1.0.4:
    version "1.0.4"
    resolved "https://registry.npmjs.org/reusify/-/reusify-1.0.4.tgz"
    integrity sha512-U9nH88a3fc/ekCF1l0/UP1IosiuIjyTh7hBvXVMHYgVcfGvt897Xguj2UOLDeI5BG2m7/uwyaLVT6fbtCwTyzw==
  
  rope-sequence@^1.3.0, rope-sequence@^1.3.4:
    version "1.3.4"
    resolved "https://registry.npmjs.org/rope-sequence/-/rope-sequence-1.3.4.tgz"
    integrity sha512-UT5EDe2cu2E/6O4igUr5PSFs23nvvukicWHx6GnOPlHAiiYbzNuCRQCuiUdHJQcqKalLKlrYJnjY0ySGsXNQXQ==
  
  run-parallel@^1.1.9:
    version "1.2.0"
    resolved "https://registry.npmjs.org/run-parallel/-/run-parallel-1.2.0.tgz"
    integrity sha512-5l4VyZR86LZ/lDxZTR6jqL8AFE2S0IFLMP26AbjsLVADxHdhB/c0GUsH+y39UfCi3dzz8OlQuPmnaJOMoDHQBA==
    dependencies:
      queue-microtask "^1.2.2"
  
  shebang-command@^2.0.0:
    version "2.0.0"
    resolved "https://registry.npmjs.org/shebang-command/-/shebang-command-2.0.0.tgz"
    integrity sha512-kHxr2zZpYtdmrN1qDjrrX/Z1rR1kG8Dx+gkpK1G4eXmvXswmcE1hTWBWYUzlraYw1/yZp6YuDY77YtvbN0dmDA==
    dependencies:
      shebang-regex "^3.0.0"
  
  shebang-regex@^3.0.0:
    version "3.0.0"
    resolved "https://registry.npmjs.org/shebang-regex/-/shebang-regex-3.0.0.tgz"
    integrity sha512-7++dFhtcx3353uBaq8DDR4NuxBetBzC7ZQOhmTQInHEd6bSrXdiEyzCvG07Z44UYdLShWUyXt5M/yhz8ekcb1A==
  
  showdown@^2.1.0:
    version "2.1.0"
    resolved "https://registry.npmjs.org/showdown/-/showdown-2.1.0.tgz"
    integrity sha512-/6NVYu4U819R2pUIk79n67SYgJHWCce0a5xTP979WbNp0FL9MN1I1QK662IDU1b6JzKTvmhgI7T7JYIxBi3kMQ==
    dependencies:
      commander "^9.0.0"
  
  signal-exit@^4.0.1:
    version "4.1.0"
    resolved "https://registry.npmjs.org/signal-exit/-/signal-exit-4.1.0.tgz"
    integrity sha512-bzyZ1e88w9O1iNJbKnOlvYTrWPDl46O1bG0D3XInv+9tkPrxrN8jUUTiFlDkkmKWgn1M6CfIA13SuGqOa9Korw==
  
  socket.io-client@^4.5.1, socket.io-client@^4.7.4:
    version "4.7.4"
    resolved "https://registry.npmjs.org/socket.io-client/-/socket.io-client-4.7.4.tgz"
    integrity sha512-wh+OkeF0rAVCrABWQBaEjLfb7DVPotMbu0cgWgyR0v6eA4EoVnAwcIeIbcdTE3GT/H3kbdLl7OoH2+asoDRIIg==
    dependencies:
      "@socket.io/component-emitter" "~3.1.0"
      debug "~4.3.2"
      engine.io-client "~6.5.2"
      socket.io-parser "~4.2.4"
  
  socket.io-parser@^4.2.4, socket.io-parser@~4.2.4:
    version "4.2.4"
    resolved "https://registry.npmjs.org/socket.io-parser/-/socket.io-parser-4.2.4.tgz"
    integrity sha512-/GbIKmo8ioc+NIWIhwdecY0ge+qVBSMdgxGygevmdHj24bsfgtCmcUUcQ5ZzcylGFHsN3k4HB4Cgkl96KVnuew==
    dependencies:
      "@socket.io/component-emitter" "~3.1.0"
      debug "~4.3.1"
  
  source-map-js@^1.0.2:
    version "1.0.2"
    resolved "https://registry.npmjs.org/source-map-js/-/source-map-js-1.0.2.tgz"
    integrity sha512-R0XvVJ9WusLiqTCEiGCmICCMplcCkIwwR11mOSD9CR5u+IXYdiseeEuXCVAjS54zqwkLcPNnmU4OeJ6tUrWhDw==
  
  "string-width-cjs@npm:string-width@^4.2.0":
    version "4.2.3"
    resolved "https://registry.npmjs.org/string-width/-/string-width-4.2.3.tgz"
    integrity sha512-wKyQRQpjJ0sIp62ErSZdGsjMJWsap5oRNihHhu6G7JVO/9jIB6UyevL+tXuOqrng8j/cxKTWyWUwvSTriiZz/g==
    dependencies:
      emoji-regex "^8.0.0"
      is-fullwidth-code-point "^3.0.0"
      strip-ansi "^6.0.1"
  
  string-width@^4.1.0:
    version "4.2.3"
    resolved "https://registry.npmjs.org/string-width/-/string-width-4.2.3.tgz"
    integrity sha512-wKyQRQpjJ0sIp62ErSZdGsjMJWsap5oRNihHhu6G7JVO/9jIB6UyevL+tXuOqrng8j/cxKTWyWUwvSTriiZz/g==
    dependencies:
      emoji-regex "^8.0.0"
      is-fullwidth-code-point "^3.0.0"
      strip-ansi "^6.0.1"
  
  string-width@^5.0.1, string-width@^5.1.2:
    version "5.1.2"
    resolved "https://registry.npmjs.org/string-width/-/string-width-5.1.2.tgz"
    integrity sha512-HnLOCR3vjcY8beoNLtcjZ5/nxn2afmME6lhrDrebokqMap+XbeW8n9TXpPDOqdGK5qcI3oT0GKTW6wC7EMiVqA==
    dependencies:
      eastasianwidth "^0.2.0"
      emoji-regex "^9.2.2"
      strip-ansi "^7.0.1"
  
  "strip-ansi-cjs@npm:strip-ansi@^6.0.1":
    version "6.0.1"
    resolved "https://registry.npmjs.org/strip-ansi/-/strip-ansi-6.0.1.tgz"
    integrity sha512-Y38VPSHcqkFrCpFnQ9vuSXmquuv5oXOKpGeT6aGrr3o3Gc9AlVa6JBfUSOCnbxGGZF+/0ooI7KrPuUSztUdU5A==
    dependencies:
      ansi-regex "^5.0.1"
  
  strip-ansi@^6.0.0, strip-ansi@^6.0.1:
    version "6.0.1"
    resolved "https://registry.npmjs.org/strip-ansi/-/strip-ansi-6.0.1.tgz"
    integrity sha512-Y38VPSHcqkFrCpFnQ9vuSXmquuv5oXOKpGeT6aGrr3o3Gc9AlVa6JBfUSOCnbxGGZF+/0ooI7KrPuUSztUdU5A==
    dependencies:
      ansi-regex "^5.0.1"
  
  strip-ansi@^7.0.1:
    version "7.1.0"
    resolved "https://registry.npmjs.org/strip-ansi/-/strip-ansi-7.1.0.tgz"
    integrity sha512-iq6eVVI64nQQTRYq2KtEg2d2uU7LElhTJwsH4YzIHZshxlgZms/wIc4VoDQTlG/IvVIrBKG06CrZnp0qv7hkcQ==
    dependencies:
      ansi-regex "^6.0.1"
  
  sucrase@^3.32.0:
    version "3.35.0"
    resolved "https://registry.npmjs.org/sucrase/-/sucrase-3.35.0.tgz"
    integrity sha512-8EbVDiu9iN/nESwxeSxDKe0dunta1GOlHufmSSXxMD2z2/tMZpDMpvXQGsc+ajGo8y2uYUmixaSRUc/QPoQ0GA==
    dependencies:
      "@jridgewell/gen-mapping" "^0.3.2"
      commander "^4.0.0"
      glob "^10.3.10"
      lines-and-columns "^1.1.6"
      mz "^2.7.0"
      pirates "^4.0.1"
      ts-interface-checker "^0.1.9"
  
  supports-preserve-symlinks-flag@^1.0.0:
    version "1.0.0"
    resolved "https://registry.npmjs.org/supports-preserve-symlinks-flag/-/supports-preserve-symlinks-flag-1.0.0.tgz"
    integrity sha512-ot0WnXS9fgdkgIcePe6RHNk1WA8+muPa6cSjeR3V8K27q9BB1rTE3R1p7Hv0z1ZyAc8s6Vvv8DIyWf681MAt0w==
  
  "tailwindcss@>=3.0.0 || >= 3.0.0-alpha.1", "tailwindcss@>=3.0.0 || insiders":
    version "3.4.1"
    resolved "https://registry.npmjs.org/tailwindcss/-/tailwindcss-3.4.1.tgz"
    integrity sha512-qAYmXRfk3ENzuPBakNK0SRrUDipP8NQnEY6772uDhflcQz5EhRdD7JNZxyrFHVQNCwULPBn6FNPp9brpO7ctcA==
    dependencies:
      "@alloc/quick-lru" "^5.2.0"
      arg "^5.0.2"
      chokidar "^3.5.3"
      didyoumean "^1.2.2"
      dlv "^1.1.3"
      fast-glob "^3.3.0"
      glob-parent "^6.0.2"
      is-glob "^4.0.3"
      jiti "^1.19.1"
      lilconfig "^2.1.0"
      micromatch "^4.0.5"
      normalize-path "^3.0.0"
      object-hash "^3.0.0"
      picocolors "^1.0.0"
      postcss "^8.4.23"
      postcss-import "^15.1.0"
      postcss-js "^4.0.1"
      postcss-load-config "^4.0.1"
      postcss-nested "^6.0.1"
      postcss-selector-parser "^6.0.11"
      resolve "^1.22.2"
      sucrase "^3.32.0"
  
  thenify-all@^1.0.0:
    version "1.6.0"
    resolved "https://registry.npmjs.org/thenify-all/-/thenify-all-1.6.0.tgz"
    integrity sha512-RNxQH/qI8/t3thXJDwcstUO4zeqo64+Uy/+sNVRBx4Xn2OX+OZ9oP+iJnNFqplFra2ZUVeKCSa2oVWi3T4uVmA==
    dependencies:
      thenify ">= 3.1.0 < 4"
  
  "thenify@>= 3.1.0 < 4":
    version "3.3.1"
    resolved "https://registry.npmjs.org/thenify/-/thenify-3.3.1.tgz"
    integrity sha512-RVZSIV5IG10Hk3enotrhvz0T9em6cyHBLkH/YAZuKqd8hRkKhSfCGIcP2KUY0EPxndzANBmNllzWPwak+bheSw==
    dependencies:
      any-promise "^1.0.0"
  
  throttle-debounce@^3.0.1:
    version "3.0.1"
    resolved "https://registry.npmjs.org/throttle-debounce/-/throttle-debounce-3.0.1.tgz"
    integrity sha512-dTEWWNu6JmeVXY0ZYoPuH5cRIwc0MeGbJwah9KUNYSJwommQpCzTySTpEe8Gs1J23aeWEuAobe4Ag7EHVt/LOg==
  
  tippy.js@^6.3.7:
    version "6.3.7"
    resolved "https://registry.npmjs.org/tippy.js/-/tippy.js-6.3.7.tgz"
    integrity sha512-E1d3oP2emgJ9dRQZdf3Kkn0qJgI6ZLpyS5z6ZkY1DF3kaQaBsGZsndEpHwx+eC+tYM41HaSNvNtLx8tU57FzTQ==
    dependencies:
      "@popperjs/core" "^2.9.0"
  
  to-regex-range@^5.0.1:
    version "5.0.1"
    resolved "https://registry.npmjs.org/to-regex-range/-/to-regex-range-5.0.1.tgz"
    integrity sha512-65P7iz6X5yEr1cwcgvQxbbIw7Uk3gOy5dIdtZ4rDveLqhrdJP+Li/Hx6tyK0NEb+2GCyneCMJiGqrADCSNk8sQ==
    dependencies:
      is-number "^7.0.0"
  
  ts-interface-checker@^0.1.9:
    version "0.1.13"
    resolved "https://registry.npmjs.org/ts-interface-checker/-/ts-interface-checker-0.1.13.tgz"
    integrity sha512-Y/arvbn+rrz3JCKl9C4kVNfTfSm2/mEp5FSz5EsZSANGPSlQrpRI5M4PKF+mJnE52jOO90PnPSc3Ur3bTQw0gA==
  
  tslib@^2.1.0:
    version "2.6.2"
    resolved "https://registry.npmjs.org/tslib/-/tslib-2.6.2.tgz"
    integrity sha512-AEYxH93jGFPn/a2iVAwW87VuUIkR1FVUKB77NwMF7nBTDkDrrT/Hpt/IrCJ0QXhW27jTBDcf5ZY7w6RiqTMw2Q==
  
  type-fest@^2.19.0:
    version "2.19.0"
    resolved "https://registry.npmjs.org/type-fest/-/type-fest-2.19.0.tgz"
    integrity sha512-RAH822pAdBgcNMAfWnCBU3CFZcfZ/i1eZjwFU/dsLKumyuuP3niueg2UAukXYF0E2AAoc82ZSSf9J0WQBinzHA==
  
  uc.micro@^2.0.0:
    version "2.0.0"
    resolved "https://registry.npmjs.org/uc.micro/-/uc.micro-2.0.0.tgz"
    integrity sha512-DffL94LsNOccVn4hyfRe5rdKa273swqeA5DJpMOeFmEn1wCDc7nAbbB0gXlgBCL7TNzeTv6G7XVWzan7iJtfig==
  
  util-deprecate@^1.0.2:
    version "1.0.2"
    resolved "https://registry.npmjs.org/util-deprecate/-/util-deprecate-1.0.2.tgz"
    integrity sha512-EPD5q1uXyFxJpCrLnCc1nHnq3gOa6DZBocAIiI2TaSCA7VCJ1UJDMagCzIkXNsUYfD1daK//LTEQ8xiIbrHtcw==
  
  vue-demi@^0.14.7, vue-demi@>=0.14.7:
    version "0.14.7"
    resolved "https://registry.npmjs.org/vue-demi/-/vue-demi-0.14.7.tgz"
    integrity sha512-EOG8KXDQNwkJILkx/gPcoL/7vH+hORoBaKgGe+6W7VFMvCYJfmF2dGbvgDroVnI8LU7/kTu8mbjRZGBU1z9NTA==
  
  vue-router@^4.1.6:
    version "4.3.0"
    resolved "https://registry.npmjs.org/vue-router/-/vue-router-4.3.0.tgz"
    integrity sha512-dqUcs8tUeG+ssgWhcPbjHvazML16Oga5w34uCUmsk7i0BcnskoLGwjpa15fqMr2Fa5JgVBrdL2MEgqz6XZ/6IQ==
    dependencies:
      "@vue/devtools-api" "^6.5.1"
  
  "vue@^2.7.0 || ^3.0.0", vue@^3.0.0, "vue@^3.0.0-0 || ^2.6.0", vue@^3.2.0, vue@^3.2.45, vue@3.4.20:
    version "3.4.20"
    resolved "https://registry.npmjs.org/vue/-/vue-3.4.20.tgz"
    integrity sha512-xF4zDKXp67NjgORFX/HOuaiaKYjgxkaToK0KWglFQEYlCw9AqgBlj1yu5xa6YaRek47w2IGiuvpvrGg/XuQFCw==
    dependencies:
      "@vue/compiler-dom" "3.4.20"
      "@vue/compiler-sfc" "3.4.20"
      "@vue/runtime-dom" "3.4.20"
      "@vue/server-renderer" "3.4.20"
      "@vue/shared" "3.4.20"
  
  w3c-keyname@^2.2.0, w3c-keyname@^2.2.8:
    version "2.2.8"
    resolved "https://registry.npmjs.org/w3c-keyname/-/w3c-keyname-2.2.8.tgz"
    integrity sha512-dpojBhNsCNN7T82Tm7k26A6G9ML3NkhDsnw9n/eoxSRlVBB4CEtIQ/KTCLI2Fwf3ataSXRhYFkQi3SlnFwPvPQ==
  
  which@^2.0.1:
    version "2.0.2"
    resolved "https://registry.npmjs.org/which/-/which-2.0.2.tgz"
    integrity sha512-BLI3Tl1TW3Pvl70l3yq3Y64i+awpwXqsGBYWkkqMtnbXgrMD+yj7rhW0kuEDxzJaYXGjEW5ogapKNMEKNMjibA==
    dependencies:
      isexe "^2.0.0"
  
  "wrap-ansi-cjs@npm:wrap-ansi@^7.0.0":
    version "7.0.0"
    resolved "https://registry.npmjs.org/wrap-ansi/-/wrap-ansi-7.0.0.tgz"
    integrity sha512-YVGIj2kamLSTxw6NsZjoBxfSwsn0ycdesmc4p+Q21c5zPuZ1pl+NfxVdxPtdHvmNVOQ6XSYG4AUtyt/Fi7D16Q==
    dependencies:
      ansi-styles "^4.0.0"
      string-width "^4.1.0"
      strip-ansi "^6.0.0"
  
  wrap-ansi@^8.1.0:
    version "8.1.0"
    resolved "https://registry.npmjs.org/wrap-ansi/-/wrap-ansi-8.1.0.tgz"
    integrity sha512-si7QWI6zUMq56bESFvagtmzMdGOtoxfR+Sez11Mobfc7tm+VkUckk9bW2UeffTGVUbOksxmSw0AA2gs8g71NCQ==
    dependencies:
      ansi-styles "^6.1.0"
      string-width "^5.0.1"
      strip-ansi "^7.0.1"
  
  ws@^8.11.0, ws@~8.11.0:
    version "8.11.0"
    resolved "https://registry.npmjs.org/ws/-/ws-8.11.0.tgz"
    integrity sha512-HPG3wQd9sNQoT9xHyNCXoDUa+Xw/VevmY9FoHyQ+g+rrMn4j6FB4np7Z0OhdTgjx6MgQLK7jwSy1YecU1+4Asg==
  
  xmlhttprequest-ssl@^2.0.0, xmlhttprequest-ssl@~2.0.0:
    version "2.0.0"
    resolved "https://registry.npmjs.org/xmlhttprequest-ssl/-/xmlhttprequest-ssl-2.0.0.tgz"
    integrity sha512-QKxVRxiRACQcVuQEYFsI1hhkrMlrXHPegbbd1yn9UHOmRxY+si12nQYzri3vbzt8VdTTRviqcKxcyllFas5z2A==
  
  yaml@^2.3.4:
    version "2.4.0"
    resolved "https://registry.npmjs.org/yaml/-/yaml-2.4.0.tgz"
    integrity sha512-j9iR8g+/t0lArF4V6NE/QCfT+CO7iLqrXAHZbJdo+LfjqP1vR8Fg5bSiaq6Q2lOD1AUEVrEVIgABvBFYojJVYQ==
